{"C:\\xampp\\htdocs\\Task-Management-System\\Backend\\server.js": {"path":"C:\\xampp\\htdocs\\Task-Management-System\\Backend\\server.js","statementMap":{"0":{"start":{"line":1,"column":0},"end":{"line":1,"column":91}},"1":{"start":{"line":3,"column":16},"end":{"line":3,"column":34}},"2":{"start":{"line":4,"column":13},"end":{"line":4,"column":28}},"3":{"start":{"line":5,"column":21},"end":{"line":5,"column":45}},"4":{"start":{"line":6,"column":18},"end":{"line":6,"column":40}},"5":{"start":{"line":9,"column":19},"end":{"line":9,"column":49}},"6":{"start":{"line":10,"column":22},"end":{"line":10,"column":55}},"7":{"start":{"line":11,"column":19},"end":{"line":11,"column":49}},"8":{"start":{"line":12,"column":24},"end":{"line":12,"column":59}},"9":{"start":{"line":13,"column":23},"end":{"line":13,"column":57}},"10":{"start":{"line":16,"column":0},"end":{"line":19,"column":3}},"11":{"start":{"line":17,"column":2},"end":{"line":17,"column":59}},"12":{"start":{"line":18,"column":2},"end":{"line":18,"column":18}},"13":{"start":{"line":21,"column":12},"end":{"line":21,"column":21}},"14":{"start":{"line":24,"column":0},"end":{"line":24,"column":24}},"15":{"start":{"line":25,"column":0},"end":{"line":35,"column":4}},"16":{"start":{"line":36,"column":0},"end":{"line":36,"column":24}},"17":{"start":{"line":39,"column":0},"end":{"line":46,"column":3}},"18":{"start":{"line":40,"column":2},"end":{"line":44,"column":3}},"19":{"start":{"line":41,"column":4},"end":{"line":41,"column":77}},"20":{"start":{"line":42,"column":4},"end":{"line":42,"column":34}},"21":{"start":{"line":43,"column":4},"end":{"line":43,"column":28}},"22":{"start":{"line":45,"column":2},"end":{"line":45,"column":9}},"23":{"start":{"line":49,"column":0},"end":{"line":49,"column":33}},"24":{"start":{"line":50,"column":0},"end":{"line":50,"column":40}},"25":{"start":{"line":51,"column":0},"end":{"line":51,"column":34}},"26":{"start":{"line":52,"column":0},"end":{"line":52,"column":43}},"27":{"start":{"line":53,"column":0},"end":{"line":53,"column":41}},"28":{"start":{"line":56,"column":0},"end":{"line":63,"column":3}},"29":{"start":{"line":57,"column":2},"end":{"line":62,"column":5}},"30":{"start":{"line":66,"column":0},"end":{"line":72,"column":3}},"31":{"start":{"line":67,"column":2},"end":{"line":70,"column":3}},"32":{"start":{"line":68,"column":4},"end":{"line":68,"column":26}},"33":{"start":{"line":69,"column":4},"end":{"line":69,"column":11}},"34":{"start":{"line":71,"column":2},"end":{"line":71,"column":24}},"35":{"start":{"line":75,"column":0},"end":{"line":78,"column":3}},"36":{"start":{"line":76,"column":2},"end":{"line":76,"column":39}},"37":{"start":{"line":77,"column":2},"end":{"line":77,"column":61}},"38":{"start":{"line":80,"column":13},"end":{"line":80,"column":37}},"39":{"start":{"line":82,"column":0},"end":{"line":86,"column":1}},"40":{"start":{"line":83,"column":2},"end":{"line":85,"column":5}},"41":{"start":{"line":84,"column":4},"end":{"line":84,"column":50}},"42":{"start":{"line":88,"column":0},"end":{"line":88,"column":21}}},"fnMap":{"0":{"name":"(anonymous_0)","decl":{"start":{"line":16,"column":18},"end":{"line":16,"column":19}},"loc":{"start":{"line":16,"column":25},"end":{"line":19,"column":1}},"line":16},"1":{"name":"(anonymous_1)","decl":{"start":{"line":39,"column":8},"end":{"line":39,"column":9}},"loc":{"start":{"line":39,"column":28},"end":{"line":46,"column":1}},"line":39},"2":{"name":"(anonymous_2)","decl":{"start":{"line":56,"column":13},"end":{"line":56,"column":14}},"loc":{"start":{"line":56,"column":27},"end":{"line":63,"column":1}},"line":56},"3":{"name":"(anonymous_3)","decl":{"start":{"line":66,"column":8},"end":{"line":66,"column":9}},"loc":{"start":{"line":66,"column":22},"end":{"line":72,"column":1}},"line":66},"4":{"name":"(anonymous_4)","decl":{"start":{"line":75,"column":8},"end":{"line":75,"column":9}},"loc":{"start":{"line":75,"column":33},"end":{"line":78,"column":1}},"line":75},"5":{"name":"(anonymous_5)","decl":{"start":{"line":83,"column":19},"end":{"line":83,"column":20}},"loc":{"start":{"line":83,"column":25},"end":{"line":85,"column":3}},"line":83}},"branchMap":{"0":{"loc":{"start":{"line":1,"column":33},"end":{"line":1,"column":87}},"type":"cond-expr","locations":[{"start":{"line":1,"column":67},"end":{"line":1,"column":78}},{"start":{"line":1,"column":81},"end":{"line":1,"column":87}}],"line":1},"1":{"loc":{"start":{"line":26,"column":10},"end":{"line":31,"column":10}},"type":"cond-expr","locations":[{"start":{"line":27,"column":6},"end":{"line":30,"column":7}},{"start":{"line":31,"column":6},"end":{"line":31,"column":10}}],"line":26},"2":{"loc":{"start":{"line":40,"column":2},"end":{"line":44,"column":3}},"type":"if","locations":[{"start":{"line":40,"column":2},"end":{"line":44,"column":3}},{"start":{},"end":{}}],"line":40},"3":{"loc":{"start":{"line":67,"column":2},"end":{"line":70,"column":3}},"type":"if","locations":[{"start":{"line":67,"column":2},"end":{"line":70,"column":3}},{"start":{},"end":{}}],"line":67},"4":{"loc":{"start":{"line":80,"column":13},"end":{"line":80,"column":37}},"type":"binary-expr","locations":[{"start":{"line":80,"column":13},"end":{"line":80,"column":29}},{"start":{"line":80,"column":33},"end":{"line":80,"column":37}}],"line":80},"5":{"loc":{"start":{"line":82,"column":0},"end":{"line":86,"column":1}},"type":"if","locations":[{"start":{"line":82,"column":0},"end":{"line":86,"column":1}},{"start":{},"end":{}}],"line":82}},"s":{"0":5,"1":5,"2":5,"3":5,"4":5,"5":5,"6":5,"7":5,"8":5,"9":5,"10":5,"11":0,"12":0,"13":5,"14":5,"15":5,"16":5,"17":5,"18":15,"19":15,"20":15,"21":15,"22":15,"23":5,"24":5,"25":5,"26":5,"27":5,"28":5,"29":0,"30":5,"31":0,"32":0,"33":0,"34":0,"35":5,"36":0,"37":0,"38":5,"39":5,"40":0,"41":0,"42":5},"f":{"0":0,"1":15,"2":0,"3":0,"4":0,"5":0},"b":{"0":[5,0],"1":[0,5],"2":[15,0],"3":[0,0],"4":[5,0],"5":[0,5]},"_coverageSchema":"1a1c01bbd47fc00a2c39e90264f33305004495a9","hash":"3c80134e87449ee6ebabfadceb206eda50f1b4af"}
,"C:\\xampp\\htdocs\\Task-Management-System\\Backend\\config\\db.js": {"path":"C:\\xampp\\htdocs\\Task-Management-System\\Backend\\config\\db.js","statementMap":{"0":{"start":{"line":2,"column":17},"end":{"line":2,"column":36}},"1":{"start":{"line":4,"column":18},"end":{"line":14,"column":1}},"2":{"start":{"line":5,"column":2},"end":{"line":13,"column":3}},"3":{"start":{"line":6,"column":16},"end":{"line":6,"column":122}},"4":{"start":{"line":7,"column":17},"end":{"line":7,"column":44}},"5":{"start":{"line":9,"column":4},"end":{"line":9,"column":62}},"6":{"start":{"line":11,"column":4},"end":{"line":11,"column":45}},"7":{"start":{"line":12,"column":4},"end":{"line":12,"column":20}},"8":{"start":{"line":16,"column":0},"end":{"line":16,"column":27}}},"fnMap":{"0":{"name":"(anonymous_0)","decl":{"start":{"line":4,"column":18},"end":{"line":4,"column":19}},"loc":{"start":{"line":4,"column":30},"end":{"line":14,"column":1}},"line":4}},"branchMap":{"0":{"loc":{"start":{"line":6,"column":16},"end":{"line":6,"column":122}},"type":"cond-expr","locations":[{"start":{"line":6,"column":50},"end":{"line":6,"column":98}},{"start":{"line":6,"column":101},"end":{"line":6,"column":122}}],"line":6},"1":{"loc":{"start":{"line":6,"column":50},"end":{"line":6,"column":98}},"type":"binary-expr","locations":[{"start":{"line":6,"column":50},"end":{"line":6,"column":73}},{"start":{"line":6,"column":77},"end":{"line":6,"column":98}}],"line":6}},"s":{"0":5,"1":5,"2":5,"3":5,"4":5,"5":5,"6":0,"7":0,"8":5},"f":{"0":5},"b":{"0":[5,0],"1":[5,0]},"_coverageSchema":"1a1c01bbd47fc00a2c39e90264f33305004495a9","hash":"445038958aa5bd08a5a394ae93b23f65c23ec9bc"}
,"C:\\xampp\\htdocs\\Task-Management-System\\Backend\\config\\tokens.js": {"path":"C:\\xampp\\htdocs\\Task-Management-System\\Backend\\config\\tokens.js","statementMap":{"0":{"start":{"line":1,"column":12},"end":{"line":1,"column":35}},"1":{"start":{"line":4,"column":0},"end":{"line":10,"column":1}},"2":{"start":{"line":5,"column":2},"end":{"line":5,"column":64}},"3":{"start":{"line":6,"column":2},"end":{"line":6,"column":63}},"4":{"start":{"line":7,"column":2},"end":{"line":7,"column":78}},"5":{"start":{"line":8,"column":2},"end":{"line":8,"column":77}},"6":{"start":{"line":9,"column":2},"end":{"line":9,"column":18}},"7":{"start":{"line":13,"column":0},"end":{"line":18,"column":3}},"8":{"start":{"line":22,"column":28},"end":{"line":28,"column":1}},"9":{"start":{"line":23,"column":2},"end":{"line":27,"column":4}},"10":{"start":{"line":31,"column":29},"end":{"line":37,"column":1}},"11":{"start":{"line":32,"column":2},"end":{"line":36,"column":4}},"12":{"start":{"line":39,"column":0},"end":{"line":39,"column":63}}},"fnMap":{"0":{"name":"(anonymous_0)","decl":{"start":{"line":22,"column":28},"end":{"line":22,"column":29}},"loc":{"start":{"line":22,"column":38},"end":{"line":28,"column":1}},"line":22},"1":{"name":"(anonymous_1)","decl":{"start":{"line":31,"column":29},"end":{"line":31,"column":30}},"loc":{"start":{"line":31,"column":39},"end":{"line":37,"column":1}},"line":31}},"branchMap":{"0":{"loc":{"start":{"line":4,"column":0},"end":{"line":10,"column":1}},"type":"if","locations":[{"start":{"line":4,"column":0},"end":{"line":10,"column":1}},{"start":{},"end":{}}],"line":4},"1":{"loc":{"start":{"line":4,"column":4},"end":{"line":4,"column":69}},"type":"binary-expr","locations":[{"start":{"line":4,"column":4},"end":{"line":4,"column":34}},{"start":{"line":4,"column":38},"end":{"line":4,"column":69}}],"line":4},"2":{"loc":{"start":{"line":14,"column":19},"end":{"line":14,"column":95}},"type":"binary-expr","locations":[{"start":{"line":14,"column":19},"end":{"line":14,"column":50}},{"start":{"line":14,"column":54},"end":{"line":14,"column":95}}],"line":14},"3":{"loc":{"start":{"line":15,"column":20},"end":{"line":15,"column":98}},"type":"binary-expr","locations":[{"start":{"line":15,"column":20},"end":{"line":15,"column":52}},{"start":{"line":15,"column":56},"end":{"line":15,"column":98}}],"line":15},"4":{"loc":{"start":{"line":16,"column":16},"end":{"line":16,"column":56}},"type":"binary-expr","locations":[{"start":{"line":16,"column":16},"end":{"line":16,"column":47}},{"start":{"line":16,"column":51},"end":{"line":16,"column":56}}],"line":16},"5":{"loc":{"start":{"line":17,"column":17},"end":{"line":17,"column":57}},"type":"binary-expr","locations":[{"start":{"line":17,"column":17},"end":{"line":17,"column":49}},{"start":{"line":17,"column":53},"end":{"line":17,"column":57}}],"line":17},"6":{"loc":{"start":{"line":26,"column":17},"end":{"line":26,"column":57}},"type":"binary-expr","locations":[{"start":{"line":26,"column":17},"end":{"line":26,"column":48}},{"start":{"line":26,"column":52},"end":{"line":26,"column":57}}],"line":26},"7":{"loc":{"start":{"line":33,"column":38},"end":{"line":33,"column":60}},"type":"binary-expr","locations":[{"start":{"line":33,"column":38},"end":{"line":33,"column":55}},{"start":{"line":33,"column":59},"end":{"line":33,"column":60}}],"line":33},"8":{"loc":{"start":{"line":35,"column":17},"end":{"line":35,"column":57}},"type":"binary-expr","locations":[{"start":{"line":35,"column":17},"end":{"line":35,"column":49}},{"start":{"line":35,"column":53},"end":{"line":35,"column":57}}],"line":35}},"s":{"0":5,"1":5,"2":0,"3":0,"4":0,"5":0,"6":0,"7":5,"8":5,"9":4,"10":5,"11":4,"12":5},"f":{"0":4,"1":4},"b":{"0":[0,5],"1":[5,5],"2":[5,5],"3":[5,5],"4":[5,5],"5":[5,5],"6":[4,4],"7":[4,4],"8":[4,4]},"_coverageSchema":"1a1c01bbd47fc00a2c39e90264f33305004495a9","hash":"39167e5a9ad14e0b0639b502ca1eb64b27f97834"}
,"C:\\xampp\\htdocs\\Task-Management-System\\Backend\\controllers\\authController.js": {"path":"C:\\xampp\\htdocs\\Task-Management-System\\Backend\\controllers\\authController.js","statementMap":{"0":{"start":{"line":1,"column":12},"end":{"line":1,"column":35}},"1":{"start":{"line":2,"column":13},"end":{"line":2,"column":38}},"2":{"start":{"line":3,"column":15},"end":{"line":3,"column":34}},"3":{"start":{"line":4,"column":54},"end":{"line":4,"column":81}},"4":{"start":{"line":6,"column":0},"end":{"line":74,"column":2}},"5":{"start":{"line":7,"column":2},"end":{"line":73,"column":3}},"6":{"start":{"line":9,"column":4},"end":{"line":9,"column":44}},"7":{"start":{"line":11,"column":38},"end":{"line":11,"column":46}},"8":{"start":{"line":14,"column":4},"end":{"line":17,"column":5}},"9":{"start":{"line":15,"column":6},"end":{"line":15,"column":102}},"10":{"start":{"line":16,"column":6},"end":{"line":16,"column":112}},"11":{"start":{"line":20,"column":25},"end":{"line":20,"column":54}},"12":{"start":{"line":21,"column":4},"end":{"line":23,"column":5}},"13":{"start":{"line":22,"column":6},"end":{"line":22,"column":68}},"14":{"start":{"line":26,"column":17},"end":{"line":31,"column":6}},"15":{"start":{"line":34,"column":4},"end":{"line":34,"column":88}},"16":{"start":{"line":37,"column":24},"end":{"line":37,"column":49}},"17":{"start":{"line":38,"column":25},"end":{"line":38,"column":51}},"18":{"start":{"line":41,"column":4},"end":{"line":46,"column":7}},"19":{"start":{"line":48,"column":4},"end":{"line":57,"column":7}},"20":{"start":{"line":61,"column":4},"end":{"line":61,"column":50}},"21":{"start":{"line":62,"column":4},"end":{"line":62,"column":41}},"22":{"start":{"line":65,"column":4},"end":{"line":67,"column":5}},"23":{"start":{"line":66,"column":6},"end":{"line":66,"column":60}},"24":{"start":{"line":68,"column":4},"end":{"line":70,"column":5}},"25":{"start":{"line":69,"column":6},"end":{"line":69,"column":68}},"26":{"start":{"line":72,"column":4},"end":{"line":72,"column":72}},"27":{"start":{"line":76,"column":0},"end":{"line":129,"column":2}},"28":{"start":{"line":77,"column":2},"end":{"line":128,"column":3}},"29":{"start":{"line":78,"column":32},"end":{"line":78,"column":40}},"30":{"start":{"line":80,"column":4},"end":{"line":80,"column":62}},"31":{"start":{"line":83,"column":17},"end":{"line":83,"column":66}},"32":{"start":{"line":85,"column":4},"end":{"line":88,"column":5}},"33":{"start":{"line":86,"column":6},"end":{"line":86,"column":36}},"34":{"start":{"line":87,"column":6},"end":{"line":87,"column":68}},"35":{"start":{"line":90,"column":4},"end":{"line":90,"column":54}},"36":{"start":{"line":91,"column":4},"end":{"line":91,"column":65}},"37":{"start":{"line":94,"column":20},"end":{"line":94,"column":65}},"38":{"start":{"line":96,"column":4},"end":{"line":99,"column":5}},"39":{"start":{"line":97,"column":6},"end":{"line":97,"column":39}},"40":{"start":{"line":98,"column":6},"end":{"line":98,"column":68}},"41":{"start":{"line":101,"column":4},"end":{"line":101,"column":56}},"42":{"start":{"line":104,"column":24},"end":{"line":104,"column":49}},"43":{"start":{"line":105,"column":25},"end":{"line":105,"column":51}},"44":{"start":{"line":108,"column":4},"end":{"line":113,"column":7}},"45":{"start":{"line":115,"column":4},"end":{"line":123,"column":7}},"46":{"start":{"line":126,"column":4},"end":{"line":126,"column":41}},"47":{"start":{"line":127,"column":4},"end":{"line":127,"column":51}},"48":{"start":{"line":131,"column":0},"end":{"line":155,"column":2}},"49":{"start":{"line":132,"column":2},"end":{"line":154,"column":3}},"50":{"start":{"line":134,"column":4},"end":{"line":137,"column":7}},"51":{"start":{"line":139,"column":25},"end":{"line":139,"column":49}},"52":{"start":{"line":141,"column":4},"end":{"line":141,"column":82}},"53":{"start":{"line":141,"column":23},"end":{"line":141,"column":82}},"54":{"start":{"line":143,"column":20},"end":{"line":143,"column":76}},"55":{"start":{"line":144,"column":17},"end":{"line":144,"column":52}},"56":{"start":{"line":146,"column":4},"end":{"line":148,"column":5}},"57":{"start":{"line":147,"column":6},"end":{"line":147,"column":70}},"58":{"start":{"line":150,"column":27},"end":{"line":150,"column":52}},"59":{"start":{"line":151,"column":4},"end":{"line":151,"column":46}},"60":{"start":{"line":153,"column":4},"end":{"line":153,"column":61}},"61":{"start":{"line":157,"column":0},"end":{"line":160,"column":2}},"62":{"start":{"line":158,"column":2},"end":{"line":158,"column":34}},"63":{"start":{"line":159,"column":2},"end":{"line":159,"column":51}},"64":{"start":{"line":163,"column":0},"end":{"line":182,"column":2}},"65":{"start":{"line":164,"column":2},"end":{"line":181,"column":3}},"66":{"start":{"line":166,"column":17},"end":{"line":166,"column":53}},"67":{"start":{"line":168,"column":4},"end":{"line":170,"column":5}},"68":{"start":{"line":169,"column":6},"end":{"line":169,"column":63}},"69":{"start":{"line":172,"column":4},"end":{"line":177,"column":7}},"70":{"start":{"line":179,"column":4},"end":{"line":179,"column":42}},"71":{"start":{"line":180,"column":4},"end":{"line":180,"column":52}}},"fnMap":{"0":{"name":"(anonymous_0)","decl":{"start":{"line":6,"column":19},"end":{"line":6,"column":20}},"loc":{"start":{"line":6,"column":39},"end":{"line":74,"column":1}},"line":6},"1":{"name":"(anonymous_1)","decl":{"start":{"line":76,"column":16},"end":{"line":76,"column":17}},"loc":{"start":{"line":76,"column":36},"end":{"line":129,"column":1}},"line":76},"2":{"name":"(anonymous_2)","decl":{"start":{"line":131,"column":18},"end":{"line":131,"column":19}},"loc":{"start":{"line":131,"column":38},"end":{"line":155,"column":1}},"line":131},"3":{"name":"(anonymous_3)","decl":{"start":{"line":157,"column":17},"end":{"line":157,"column":18}},"loc":{"start":{"line":157,"column":37},"end":{"line":160,"column":1}},"line":157},"4":{"name":"(anonymous_4)","decl":{"start":{"line":163,"column":16},"end":{"line":163,"column":17}},"loc":{"start":{"line":163,"column":36},"end":{"line":182,"column":1}},"line":163}},"branchMap":{"0":{"loc":{"start":{"line":14,"column":4},"end":{"line":17,"column":5}},"type":"if","locations":[{"start":{"line":14,"column":4},"end":{"line":17,"column":5}},{"start":{},"end":{}}],"line":14},"1":{"loc":{"start":{"line":14,"column":8},"end":{"line":14,"column":36}},"type":"binary-expr","locations":[{"start":{"line":14,"column":8},"end":{"line":14,"column":14}},{"start":{"line":14,"column":18},"end":{"line":14,"column":27}},{"start":{"line":14,"column":31},"end":{"line":14,"column":36}}],"line":14},"2":{"loc":{"start":{"line":21,"column":4},"end":{"line":23,"column":5}},"type":"if","locations":[{"start":{"line":21,"column":4},"end":{"line":23,"column":5}},{"start":{},"end":{}}],"line":21},"3":{"loc":{"start":{"line":65,"column":4},"end":{"line":67,"column":5}},"type":"if","locations":[{"start":{"line":65,"column":4},"end":{"line":67,"column":5}},{"start":{},"end":{}}],"line":65},"4":{"loc":{"start":{"line":68,"column":4},"end":{"line":70,"column":5}},"type":"if","locations":[{"start":{"line":68,"column":4},"end":{"line":70,"column":5}},{"start":{},"end":{}}],"line":68},"5":{"loc":{"start":{"line":85,"column":4},"end":{"line":88,"column":5}},"type":"if","locations":[{"start":{"line":85,"column":4},"end":{"line":88,"column":5}},{"start":{},"end":{}}],"line":85},"6":{"loc":{"start":{"line":96,"column":4},"end":{"line":99,"column":5}},"type":"if","locations":[{"start":{"line":96,"column":4},"end":{"line":99,"column":5}},{"start":{},"end":{}}],"line":96},"7":{"loc":{"start":{"line":136,"column":17},"end":{"line":136,"column":65}},"type":"cond-expr","locations":[{"start":{"line":136,"column":44},"end":{"line":136,"column":53}},{"start":{"line":136,"column":56},"end":{"line":136,"column":65}}],"line":136},"8":{"loc":{"start":{"line":141,"column":4},"end":{"line":141,"column":82}},"type":"if","locations":[{"start":{"line":141,"column":4},"end":{"line":141,"column":82}},{"start":{},"end":{}}],"line":141},"9":{"loc":{"start":{"line":146,"column":4},"end":{"line":148,"column":5}},"type":"if","locations":[{"start":{"line":146,"column":4},"end":{"line":148,"column":5}},{"start":{},"end":{}}],"line":146},"10":{"loc":{"start":{"line":146,"column":8},"end":{"line":146,"column":59}},"type":"binary-expr","locations":[{"start":{"line":146,"column":8},"end":{"line":146,"column":13}},{"start":{"line":146,"column":17},"end":{"line":146,"column":59}}],"line":146},"11":{"loc":{"start":{"line":168,"column":4},"end":{"line":170,"column":5}},"type":"if","locations":[{"start":{"line":168,"column":4},"end":{"line":170,"column":5}},{"start":{},"end":{}}],"line":168}},"s":{"0":5,"1":5,"2":5,"3":5,"4":5,"5":2,"6":2,"7":2,"8":2,"9":0,"10":0,"11":2,"12":2,"13":0,"14":2,"15":2,"16":2,"17":2,"18":2,"19":2,"20":0,"21":0,"22":0,"23":0,"24":0,"25":0,"26":0,"27":5,"28":5,"29":5,"30":5,"31":5,"32":5,"33":3,"34":3,"35":2,"36":2,"37":2,"38":2,"39":0,"40":0,"41":2,"42":2,"43":2,"44":2,"45":2,"46":0,"47":0,"48":5,"49":0,"50":0,"51":0,"52":0,"53":0,"54":0,"55":0,"56":0,"57":0,"58":0,"59":0,"60":0,"61":5,"62":0,"63":0,"64":5,"65":2,"66":2,"67":2,"68":0,"69":2,"70":0,"71":0},"f":{"0":2,"1":5,"2":0,"3":0,"4":2},"b":{"0":[0,2],"1":[2,2,2],"2":[0,2],"3":[0,0],"4":[0,0],"5":[3,2],"6":[0,2],"7":[0,0],"8":[0,0],"9":[0,0],"10":[0,0],"11":[0,2]},"_coverageSchema":"1a1c01bbd47fc00a2c39e90264f33305004495a9","hash":"dacae37002fc4bfefe28fd1b7504be6fa5140f0a"}
,"C:\\xampp\\htdocs\\Task-Management-System\\Backend\\controllers\\dashboardController.js": {"path":"C:\\xampp\\htdocs\\Task-Management-System\\Backend\\controllers\\dashboardController.js","statementMap":{"0":{"start":{"line":1,"column":17},"end":{"line":1,"column":36}},"1":{"start":{"line":2,"column":16},"end":{"line":2,"column":44}},"2":{"start":{"line":3,"column":13},"end":{"line":3,"column":38}},"3":{"start":{"line":4,"column":13},"end":{"line":4,"column":38}},"4":{"start":{"line":7,"column":27},"end":{"line":22,"column":1}},"5":{"start":{"line":8,"column":16},"end":{"line":8,"column":28}},"6":{"start":{"line":9,"column":20},"end":{"line":9,"column":70}},"7":{"start":{"line":9,"column":38},"end":{"line":9,"column":62}},"8":{"start":{"line":10,"column":21},"end":{"line":10,"column":73}},"9":{"start":{"line":10,"column":39},"end":{"line":10,"column":65}},"10":{"start":{"line":11,"column":15},"end":{"line":11,"column":60}},"11":{"start":{"line":11,"column":33},"end":{"line":11,"column":52}},"12":{"start":{"line":12,"column":23},"end":{"line":12,"column":70}},"13":{"start":{"line":12,"column":41},"end":{"line":12,"column":62}},"14":{"start":{"line":14,"column":2},"end":{"line":21,"column":4}},"15":{"start":{"line":25,"column":33},"end":{"line":32,"column":1}},"16":{"start":{"line":26,"column":23},"end":{"line":28,"column":3}},"17":{"start":{"line":27,"column":4},"end":{"line":27,"column":62}},"18":{"start":{"line":29,"column":2},"end":{"line":29,"column":42}},"19":{"start":{"line":29,"column":33},"end":{"line":29,"column":42}},"20":{"start":{"line":30,"column":20},"end":{"line":30,"column":77}},"21":{"start":{"line":30,"column":45},"end":{"line":30,"column":69}},"22":{"start":{"line":31,"column":2},"end":{"line":31,"column":61}},"23":{"start":{"line":35,"column":0},"end":{"line":177,"column":2}},"24":{"start":{"line":36,"column":2},"end":{"line":176,"column":3}},"25":{"start":{"line":38,"column":19},"end":{"line":38,"column":34}},"26":{"start":{"line":39,"column":16},"end":{"line":39,"column":26}},"27":{"start":{"line":40,"column":26},"end":{"line":40,"column":66}},"28":{"start":{"line":43,"column":25},"end":{"line":43,"column":60}},"29":{"start":{"line":46,"column":21},"end":{"line":51,"column":47}},"30":{"start":{"line":53,"column":23},"end":{"line":53,"column":47}},"31":{"start":{"line":53,"column":41},"end":{"line":53,"column":46}},"32":{"start":{"line":56,"column":18},"end":{"line":59,"column":30}},"33":{"start":{"line":62,"column":22},"end":{"line":62,"column":47}},"34":{"start":{"line":65,"column":25},"end":{"line":65,"column":64}},"35":{"start":{"line":66,"column":24},"end":{"line":66,"column":80}},"36":{"start":{"line":66,"column":42},"end":{"line":66,"column":79}},"37":{"start":{"line":69,"column":20},"end":{"line":73,"column":6}},"38":{"start":{"line":70,"column":6},"end":{"line":70,"column":63}},"39":{"start":{"line":70,"column":50},"end":{"line":70,"column":63}},"40":{"start":{"line":71,"column":18},"end":{"line":71,"column":37}},"41":{"start":{"line":72,"column":6},"end":{"line":72,"column":74}},"42":{"start":{"line":76,"column":25},"end":{"line":85,"column":7}},"43":{"start":{"line":76,"column":50},"end":{"line":85,"column":5}},"44":{"start":{"line":83,"column":35},"end":{"line":83,"column":82}},"45":{"start":{"line":88,"column":28},"end":{"line":106,"column":6}},"46":{"start":{"line":109,"column":25},"end":{"line":120,"column":6}},"47":{"start":{"line":123,"column":29},"end":{"line":126,"column":17}},"48":{"start":{"line":123,"column":55},"end":{"line":126,"column":5}},"49":{"start":{"line":128,"column":18},"end":{"line":167,"column":5}},"50":{"start":{"line":131,"column":45},"end":{"line":131,"column":66}},"51":{"start":{"line":132,"column":48},"end":{"line":132,"column":72}},"52":{"start":{"line":146,"column":44},"end":{"line":146,"column":67}},"53":{"start":{"line":147,"column":60},"end":{"line":155,"column":7}},"54":{"start":{"line":156,"column":36},"end":{"line":163,"column":7}},"55":{"start":{"line":169,"column":4},"end":{"line":169,"column":20}},"56":{"start":{"line":171,"column":4},"end":{"line":171,"column":51}},"57":{"start":{"line":172,"column":4},"end":{"line":175,"column":7}},"58":{"start":{"line":180,"column":0},"end":{"line":226,"column":2}},"59":{"start":{"line":181,"column":2},"end":{"line":225,"column":3}},"60":{"start":{"line":183,"column":19},"end":{"line":183,"column":34}},"61":{"start":{"line":184,"column":17},"end":{"line":184,"column":46}},"62":{"start":{"line":185,"column":18},"end":{"line":185,"column":49}},"63":{"start":{"line":188,"column":25},"end":{"line":188,"column":60}},"64":{"start":{"line":190,"column":21},"end":{"line":192,"column":6}},"65":{"start":{"line":194,"column":23},"end":{"line":194,"column":47}},"66":{"start":{"line":194,"column":41},"end":{"line":194,"column":46}},"67":{"start":{"line":196,"column":23},"end":{"line":201,"column":19}},"68":{"start":{"line":203,"column":32},"end":{"line":212,"column":7}},"69":{"start":{"line":203,"column":56},"end":{"line":212,"column":5}},"70":{"start":{"line":214,"column":4},"end":{"line":221,"column":7}},"71":{"start":{"line":223,"column":4},"end":{"line":223,"column":49}},"72":{"start":{"line":224,"column":4},"end":{"line":224,"column":69}},"73":{"start":{"line":229,"column":0},"end":{"line":302,"column":2}},"74":{"start":{"line":230,"column":2},"end":{"line":301,"column":3}},"75":{"start":{"line":231,"column":19},"end":{"line":231,"column":34}},"76":{"start":{"line":232,"column":22},"end":{"line":232,"column":41}},"77":{"start":{"line":233,"column":25},"end":{"line":233,"column":60}},"78":{"start":{"line":234,"column":16},"end":{"line":234,"column":26}},"79":{"start":{"line":237,"column":17},"end":{"line":237,"column":77}},"80":{"start":{"line":240,"column":23},"end":{"line":245,"column":81}},"81":{"start":{"line":248,"column":26},"end":{"line":248,"column":30}},"82":{"start":{"line":249,"column":4},"end":{"line":251,"column":5}},"83":{"start":{"line":250,"column":6},"end":{"line":250,"column":99}},"84":{"start":{"line":254,"column":23},"end":{"line":254,"column":49}},"85":{"start":{"line":254,"column":43},"end":{"line":254,"column":48}},"86":{"start":{"line":255,"column":18},"end":{"line":258,"column":30}},"87":{"start":{"line":260,"column":22},"end":{"line":260,"column":47}},"88":{"start":{"line":261,"column":20},"end":{"line":265,"column":6}},"89":{"start":{"line":262,"column":6},"end":{"line":262,"column":63}},"90":{"start":{"line":262,"column":50},"end":{"line":262,"column":63}},"91":{"start":{"line":263,"column":18},"end":{"line":263,"column":37}},"92":{"start":{"line":264,"column":6},"end":{"line":264,"column":74}},"93":{"start":{"line":267,"column":4},"end":{"line":297,"column":7}},"94":{"start":{"line":275,"column":39},"end":{"line":283,"column":7}},"95":{"start":{"line":299,"column":4},"end":{"line":299,"column":48}},"96":{"start":{"line":300,"column":4},"end":{"line":300,"column":68}}},"fnMap":{"0":{"name":"(anonymous_0)","decl":{"start":{"line":7,"column":27},"end":{"line":7,"column":28}},"loc":{"start":{"line":7,"column":38},"end":{"line":22,"column":1}},"line":7},"1":{"name":"(anonymous_1)","decl":{"start":{"line":9,"column":33},"end":{"line":9,"column":34}},"loc":{"start":{"line":9,"column":38},"end":{"line":9,"column":62}},"line":9},"2":{"name":"(anonymous_2)","decl":{"start":{"line":10,"column":34},"end":{"line":10,"column":35}},"loc":{"start":{"line":10,"column":39},"end":{"line":10,"column":65}},"line":10},"3":{"name":"(anonymous_3)","decl":{"start":{"line":11,"column":28},"end":{"line":11,"column":29}},"loc":{"start":{"line":11,"column":33},"end":{"line":11,"column":52}},"line":11},"4":{"name":"(anonymous_4)","decl":{"start":{"line":12,"column":36},"end":{"line":12,"column":37}},"loc":{"start":{"line":12,"column":41},"end":{"line":12,"column":62}},"line":12},"5":{"name":"(anonymous_5)","decl":{"start":{"line":25,"column":33},"end":{"line":25,"column":34}},"loc":{"start":{"line":25,"column":55},"end":{"line":32,"column":1}},"line":25},"6":{"name":"(anonymous_6)","decl":{"start":{"line":26,"column":36},"end":{"line":26,"column":37}},"loc":{"start":{"line":27,"column":4},"end":{"line":27,"column":62}},"line":27},"7":{"name":"(anonymous_7)","decl":{"start":{"line":30,"column":40},"end":{"line":30,"column":41}},"loc":{"start":{"line":30,"column":45},"end":{"line":30,"column":69}},"line":30},"8":{"name":"(anonymous_8)","decl":{"start":{"line":35,"column":28},"end":{"line":35,"column":29}},"loc":{"start":{"line":35,"column":48},"end":{"line":177,"column":1}},"line":35},"9":{"name":"(anonymous_9)","decl":{"start":{"line":53,"column":36},"end":{"line":53,"column":37}},"loc":{"start":{"line":53,"column":41},"end":{"line":53,"column":46}},"line":53},"10":{"name":"(anonymous_10)","decl":{"start":{"line":66,"column":37},"end":{"line":66,"column":38}},"loc":{"start":{"line":66,"column":42},"end":{"line":66,"column":79}},"line":66},"11":{"name":"(anonymous_11)","decl":{"start":{"line":69,"column":33},"end":{"line":69,"column":34}},"loc":{"start":{"line":69,"column":38},"end":{"line":73,"column":5}},"line":69},"12":{"name":"(anonymous_12)","decl":{"start":{"line":76,"column":38},"end":{"line":76,"column":39}},"loc":{"start":{"line":76,"column":50},"end":{"line":85,"column":5}},"line":76},"13":{"name":"(anonymous_13)","decl":{"start":{"line":83,"column":30},"end":{"line":83,"column":31}},"loc":{"start":{"line":83,"column":35},"end":{"line":83,"column":82}},"line":83},"14":{"name":"(anonymous_14)","decl":{"start":{"line":123,"column":46},"end":{"line":123,"column":47}},"loc":{"start":{"line":123,"column":55},"end":{"line":126,"column":5}},"line":123},"15":{"name":"(anonymous_15)","decl":{"start":{"line":131,"column":40},"end":{"line":131,"column":41}},"loc":{"start":{"line":131,"column":45},"end":{"line":131,"column":66}},"line":131},"16":{"name":"(anonymous_16)","decl":{"start":{"line":132,"column":43},"end":{"line":132,"column":44}},"loc":{"start":{"line":132,"column":48},"end":{"line":132,"column":72}},"line":132},"17":{"name":"(anonymous_17)","decl":{"start":{"line":146,"column":34},"end":{"line":146,"column":35}},"loc":{"start":{"line":146,"column":44},"end":{"line":146,"column":67}},"line":146},"18":{"name":"(anonymous_18)","decl":{"start":{"line":147,"column":51},"end":{"line":147,"column":52}},"loc":{"start":{"line":147,"column":60},"end":{"line":155,"column":7}},"line":147},"19":{"name":"(anonymous_19)","decl":{"start":{"line":156,"column":27},"end":{"line":156,"column":28}},"loc":{"start":{"line":156,"column":36},"end":{"line":163,"column":7}},"line":156},"20":{"name":"(anonymous_20)","decl":{"start":{"line":180,"column":28},"end":{"line":180,"column":29}},"loc":{"start":{"line":180,"column":48},"end":{"line":226,"column":1}},"line":180},"21":{"name":"(anonymous_21)","decl":{"start":{"line":194,"column":36},"end":{"line":194,"column":37}},"loc":{"start":{"line":194,"column":41},"end":{"line":194,"column":46}},"line":194},"22":{"name":"(anonymous_22)","decl":{"start":{"line":203,"column":47},"end":{"line":203,"column":48}},"loc":{"start":{"line":203,"column":56},"end":{"line":212,"column":5}},"line":203},"23":{"name":"(anonymous_23)","decl":{"start":{"line":229,"column":25},"end":{"line":229,"column":26}},"loc":{"start":{"line":229,"column":45},"end":{"line":302,"column":1}},"line":229},"24":{"name":"(anonymous_24)","decl":{"start":{"line":254,"column":38},"end":{"line":254,"column":39}},"loc":{"start":{"line":254,"column":43},"end":{"line":254,"column":48}},"line":254},"25":{"name":"(anonymous_25)","decl":{"start":{"line":261,"column":33},"end":{"line":261,"column":34}},"loc":{"start":{"line":261,"column":38},"end":{"line":265,"column":5}},"line":261},"26":{"name":"(anonymous_26)","decl":{"start":{"line":275,"column":33},"end":{"line":275,"column":34}},"loc":{"start":{"line":275,"column":39},"end":{"line":283,"column":7}},"line":275}},"branchMap":{"0":{"loc":{"start":{"line":19,"column":20},"end":{"line":19,"column":73}},"type":"cond-expr","locations":[{"start":{"line":19,"column":32},"end":{"line":19,"column":69}},{"start":{"line":19,"column":72},"end":{"line":19,"column":73}}],"line":19},"1":{"loc":{"start":{"line":27,"column":4},"end":{"line":27,"column":62}},"type":"binary-expr","locations":[{"start":{"line":27,"column":4},"end":{"line":27,"column":13}},{"start":{"line":27,"column":17},"end":{"line":27,"column":62}}],"line":27},"2":{"loc":{"start":{"line":29,"column":2},"end":{"line":29,"column":42}},"type":"if","locations":[{"start":{"line":29,"column":2},"end":{"line":29,"column":42}},{"start":{},"end":{}}],"line":29},"3":{"loc":{"start":{"line":70,"column":6},"end":{"line":70,"column":63}},"type":"if","locations":[{"start":{"line":70,"column":6},"end":{"line":70,"column":63}},{"start":{},"end":{}}],"line":70},"4":{"loc":{"start":{"line":70,"column":10},"end":{"line":70,"column":48}},"type":"binary-expr","locations":[{"start":{"line":70,"column":10},"end":{"line":70,"column":20}},{"start":{"line":70,"column":24},"end":{"line":70,"column":48}}],"line":70},"5":{"loc":{"start":{"line":72,"column":13},"end":{"line":72,"column":73}},"type":"binary-expr","locations":[{"start":{"line":72,"column":13},"end":{"line":72,"column":23}},{"start":{"line":72,"column":27},"end":{"line":72,"column":73}}],"line":72},"6":{"loc":{"start":{"line":151,"column":17},"end":{"line":151,"column":49}},"type":"binary-expr","locations":[{"start":{"line":151,"column":17},"end":{"line":151,"column":36}},{"start":{"line":151,"column":40},"end":{"line":151,"column":49}}],"line":151},"7":{"loc":{"start":{"line":152,"column":18},"end":{"line":152,"column":55}},"type":"binary-expr","locations":[{"start":{"line":152,"column":18},"end":{"line":152,"column":39}},{"start":{"line":152,"column":43},"end":{"line":152,"column":55}}],"line":152},"8":{"loc":{"start":{"line":160,"column":17},"end":{"line":160,"column":49}},"type":"binary-expr","locations":[{"start":{"line":160,"column":17},"end":{"line":160,"column":36}},{"start":{"line":160,"column":40},"end":{"line":160,"column":49}}],"line":160},"9":{"loc":{"start":{"line":184,"column":17},"end":{"line":184,"column":46}},"type":"binary-expr","locations":[{"start":{"line":184,"column":17},"end":{"line":184,"column":41}},{"start":{"line":184,"column":45},"end":{"line":184,"column":46}}],"line":184},"10":{"loc":{"start":{"line":185,"column":18},"end":{"line":185,"column":49}},"type":"binary-expr","locations":[{"start":{"line":185,"column":18},"end":{"line":185,"column":43}},{"start":{"line":185,"column":47},"end":{"line":185,"column":49}}],"line":185},"11":{"loc":{"start":{"line":206,"column":47},"end":{"line":206,"column":100}},"type":"cond-expr","locations":[{"start":{"line":206,"column":77},"end":{"line":206,"column":88}},{"start":{"line":206,"column":91},"end":{"line":206,"column":100}}],"line":206},"12":{"loc":{"start":{"line":208,"column":12},"end":{"line":208,"column":46}},"type":"binary-expr","locations":[{"start":{"line":208,"column":12},"end":{"line":208,"column":33}},{"start":{"line":208,"column":37},"end":{"line":208,"column":46}}],"line":208},"13":{"loc":{"start":{"line":249,"column":4},"end":{"line":251,"column":5}},"type":"if","locations":[{"start":{"line":249,"column":4},"end":{"line":251,"column":5}},{"start":{},"end":{}}],"line":249},"14":{"loc":{"start":{"line":262,"column":6},"end":{"line":262,"column":63}},"type":"if","locations":[{"start":{"line":262,"column":6},"end":{"line":262,"column":63}},{"start":{},"end":{}}],"line":262},"15":{"loc":{"start":{"line":262,"column":10},"end":{"line":262,"column":48}},"type":"binary-expr","locations":[{"start":{"line":262,"column":10},"end":{"line":262,"column":20}},{"start":{"line":262,"column":24},"end":{"line":262,"column":48}}],"line":262},"16":{"loc":{"start":{"line":264,"column":13},"end":{"line":264,"column":73}},"type":"binary-expr","locations":[{"start":{"line":264,"column":13},"end":{"line":264,"column":23}},{"start":{"line":264,"column":27},"end":{"line":264,"column":73}}],"line":264},"17":{"loc":{"start":{"line":284,"column":23},"end":{"line":290,"column":14}},"type":"cond-expr","locations":[{"start":{"line":284,"column":41},"end":{"line":290,"column":7}},{"start":{"line":290,"column":10},"end":{"line":290,"column":14}}],"line":284}},"s":{"0":5,"1":5,"2":5,"3":5,"4":5,"5":0,"6":0,"7":0,"8":0,"9":0,"10":0,"11":0,"12":0,"13":0,"14":0,"15":5,"16":0,"17":0,"18":0,"19":0,"20":0,"21":0,"22":0,"23":5,"24":0,"25":0,"26":0,"27":0,"28":0,"29":0,"30":0,"31":0,"32":0,"33":0,"34":0,"35":0,"36":0,"37":0,"38":0,"39":0,"40":0,"41":0,"42":0,"43":0,"44":0,"45":0,"46":0,"47":0,"48":0,"49":0,"50":0,"51":0,"52":0,"53":0,"54":0,"55":0,"56":0,"57":0,"58":5,"59":0,"60":0,"61":0,"62":0,"63":0,"64":0,"65":0,"66":0,"67":0,"68":0,"69":0,"70":0,"71":0,"72":0,"73":5,"74":0,"75":0,"76":0,"77":0,"78":0,"79":0,"80":0,"81":0,"82":0,"83":0,"84":0,"85":0,"86":0,"87":0,"88":0,"89":0,"90":0,"91":0,"92":0,"93":0,"94":0,"95":0,"96":0},"f":{"0":0,"1":0,"2":0,"3":0,"4":0,"5":0,"6":0,"7":0,"8":0,"9":0,"10":0,"11":0,"12":0,"13":0,"14":0,"15":0,"16":0,"17":0,"18":0,"19":0,"20":0,"21":0,"22":0,"23":0,"24":0,"25":0,"26":0},"b":{"0":[0,0],"1":[0,0],"2":[0,0],"3":[0,0],"4":[0,0],"5":[0,0],"6":[0,0],"7":[0,0],"8":[0,0],"9":[0,0],"10":[0,0],"11":[0,0],"12":[0,0],"13":[0,0],"14":[0,0],"15":[0,0],"16":[0,0],"17":[0,0]},"_coverageSchema":"1a1c01bbd47fc00a2c39e90264f33305004495a9","hash":"ea400b6a1c4031d2f3b09fbe24e0e5f73eb2415c"}
,"C:\\xampp\\htdocs\\Task-Management-System\\Backend\\controllers\\guidanceController.js": {"path":"C:\\xampp\\htdocs\\Task-Management-System\\Backend\\controllers\\guidanceController.js","statementMap":{"0":{"start":{"line":4,"column":26},"end":{"line":4,"column":66}},"1":{"start":{"line":5,"column":30},"end":{"line":5,"column":74}},"2":{"start":{"line":6,"column":24},"end":{"line":6,"column":60}},"3":{"start":{"line":7,"column":16},"end":{"line":7,"column":44}},"4":{"start":{"line":8,"column":13},"end":{"line":8,"column":38}},"5":{"start":{"line":12,"column":0},"end":{"line":63,"column":2}},"6":{"start":{"line":13,"column":2},"end":{"line":62,"column":3}},"7":{"start":{"line":14,"column":59},"end":{"line":14,"column":67}},"8":{"start":{"line":15,"column":19},"end":{"line":15,"column":34}},"9":{"start":{"line":18,"column":25},"end":{"line":18,"column":29}},"10":{"start":{"line":19,"column":4},"end":{"line":25,"column":5}},"11":{"start":{"line":20,"column":6},"end":{"line":24,"column":7}},"12":{"start":{"line":21,"column":8},"end":{"line":21,"column":93}},"13":{"start":{"line":23,"column":8},"end":{"line":23,"column":77}},"14":{"start":{"line":27,"column":21},"end":{"line":32,"column":5}},"15":{"start":{"line":35,"column":4},"end":{"line":50,"column":5}},"16":{"start":{"line":36,"column":6},"end":{"line":49,"column":7}},"17":{"start":{"line":37,"column":8},"end":{"line":45,"column":11}},"18":{"start":{"line":47,"column":8},"end":{"line":47,"column":73}},"19":{"start":{"line":52,"column":4},"end":{"line":55,"column":7}},"20":{"start":{"line":57,"column":4},"end":{"line":57,"column":49}},"21":{"start":{"line":58,"column":4},"end":{"line":61,"column":7}},"22":{"start":{"line":67,"column":0},"end":{"line":99,"column":2}},"23":{"start":{"line":68,"column":2},"end":{"line":98,"column":3}},"24":{"start":{"line":69,"column":42},"end":{"line":69,"column":50}},"25":{"start":{"line":70,"column":19},"end":{"line":70,"column":34}},"26":{"start":{"line":72,"column":21},"end":{"line":77,"column":5}},"27":{"start":{"line":80,"column":4},"end":{"line":86,"column":7}},"28":{"start":{"line":88,"column":4},"end":{"line":91,"column":7}},"29":{"start":{"line":93,"column":4},"end":{"line":93,"column":53}},"30":{"start":{"line":94,"column":4},"end":{"line":97,"column":7}},"31":{"start":{"line":103,"column":0},"end":{"line":158,"column":2}},"32":{"start":{"line":104,"column":2},"end":{"line":157,"column":3}},"33":{"start":{"line":105,"column":55},"end":{"line":105,"column":63}},"34":{"start":{"line":106,"column":19},"end":{"line":106,"column":34}},"35":{"start":{"line":108,"column":20},"end":{"line":108,"column":53}},"36":{"start":{"line":109,"column":4},"end":{"line":111,"column":5}},"37":{"start":{"line":110,"column":6},"end":{"line":110,"column":66}},"38":{"start":{"line":114,"column":27},"end":{"line":114,"column":31}},"39":{"start":{"line":115,"column":4},"end":{"line":125,"column":5}},"40":{"start":{"line":116,"column":6},"end":{"line":116,"column":60}},"41":{"start":{"line":119,"column":25},"end":{"line":121,"column":7}},"42":{"start":{"line":120,"column":13},"end":{"line":120,"column":41}},"43":{"start":{"line":122,"column":6},"end":{"line":124,"column":7}},"44":{"start":{"line":123,"column":8},"end":{"line":123,"column":75}},"45":{"start":{"line":127,"column":19},"end":{"line":132,"column":5}},"46":{"start":{"line":135,"column":4},"end":{"line":145,"column":7}},"47":{"start":{"line":147,"column":4},"end":{"line":150,"column":7}},"48":{"start":{"line":152,"column":4},"end":{"line":152,"column":47}},"49":{"start":{"line":153,"column":4},"end":{"line":156,"column":7}},"50":{"start":{"line":162,"column":0},"end":{"line":208,"column":2}},"51":{"start":{"line":163,"column":2},"end":{"line":207,"column":3}},"52":{"start":{"line":164,"column":26},"end":{"line":164,"column":36}},"53":{"start":{"line":165,"column":4},"end":{"line":165,"column":68}},"54":{"start":{"line":168,"column":24},"end":{"line":201,"column":5}},"55":{"start":{"line":203,"column":4},"end":{"line":203,"column":26}},"56":{"start":{"line":205,"column":4},"end":{"line":205,"column":51}},"57":{"start":{"line":206,"column":4},"end":{"line":206,"column":17}},"58":{"start":{"line":212,"column":0},"end":{"line":250,"column":2}},"59":{"start":{"line":213,"column":2},"end":{"line":249,"column":3}},"60":{"start":{"line":214,"column":36},"end":{"line":214,"column":44}},"61":{"start":{"line":215,"column":19},"end":{"line":215,"column":34}},"62":{"start":{"line":218,"column":20},"end":{"line":218,"column":78}},"63":{"start":{"line":219,"column":26},"end":{"line":221,"column":5}},"64":{"start":{"line":220,"column":6},"end":{"line":220,"column":42}},"65":{"start":{"line":223,"column":4},"end":{"line":228,"column":5}},"66":{"start":{"line":224,"column":6},"end":{"line":227,"column":9}},"67":{"start":{"line":230,"column":23},"end":{"line":235,"column":5}},"68":{"start":{"line":237,"column":4},"end":{"line":242,"column":7}},"69":{"start":{"line":244,"column":4},"end":{"line":244,"column":50}},"70":{"start":{"line":245,"column":4},"end":{"line":248,"column":7}},"71":{"start":{"line":254,"column":0},"end":{"line":276,"column":2}},"72":{"start":{"line":255,"column":2},"end":{"line":275,"column":3}},"73":{"start":{"line":256,"column":29},"end":{"line":256,"column":37}},"74":{"start":{"line":257,"column":19},"end":{"line":257,"column":34}},"75":{"start":{"line":259,"column":23},"end":{"line":262,"column":5}},"76":{"start":{"line":264,"column":4},"end":{"line":268,"column":7}},"77":{"start":{"line":270,"column":4},"end":{"line":270,"column":49}},"78":{"start":{"line":271,"column":4},"end":{"line":274,"column":7}},"79":{"start":{"line":280,"column":0},"end":{"line":303,"column":2}},"80":{"start":{"line":281,"column":2},"end":{"line":302,"column":3}},"81":{"start":{"line":282,"column":45},"end":{"line":282,"column":53}},"82":{"start":{"line":283,"column":19},"end":{"line":283,"column":34}},"83":{"start":{"line":285,"column":19},"end":{"line":289,"column":5}},"84":{"start":{"line":291,"column":4},"end":{"line":295,"column":7}},"85":{"start":{"line":297,"column":4},"end":{"line":297,"column":46}},"86":{"start":{"line":298,"column":4},"end":{"line":301,"column":7}},"87":{"start":{"line":307,"column":0},"end":{"line":331,"column":2}},"88":{"start":{"line":308,"column":2},"end":{"line":330,"column":3}},"89":{"start":{"line":309,"column":63},"end":{"line":309,"column":71}},"90":{"start":{"line":310,"column":19},"end":{"line":310,"column":34}},"91":{"start":{"line":312,"column":23},"end":{"line":317,"column":5}},"92":{"start":{"line":319,"column":4},"end":{"line":323,"column":7}},"93":{"start":{"line":325,"column":4},"end":{"line":325,"column":52}},"94":{"start":{"line":326,"column":4},"end":{"line":329,"column":7}},"95":{"start":{"line":335,"column":0},"end":{"line":374,"column":2}},"96":{"start":{"line":336,"column":2},"end":{"line":373,"column":3}},"97":{"start":{"line":337,"column":26},"end":{"line":337,"column":36}},"98":{"start":{"line":338,"column":19},"end":{"line":338,"column":34}},"99":{"start":{"line":341,"column":20},"end":{"line":341,"column":53}},"100":{"start":{"line":342,"column":4},"end":{"line":344,"column":5}},"101":{"start":{"line":343,"column":6},"end":{"line":343,"column":66}},"102":{"start":{"line":346,"column":23},"end":{"line":348,"column":5}},"103":{"start":{"line":347,"column":11},"end":{"line":347,"column":39}},"104":{"start":{"line":350,"column":4},"end":{"line":352,"column":5}},"105":{"start":{"line":351,"column":6},"end":{"line":351,"column":77}},"106":{"start":{"line":355,"column":22},"end":{"line":355,"column":66}},"107":{"start":{"line":357,"column":25},"end":{"line":361,"column":5}},"108":{"start":{"line":363,"column":4},"end":{"line":366,"column":7}},"109":{"start":{"line":368,"column":4},"end":{"line":368,"column":49}},"110":{"start":{"line":369,"column":4},"end":{"line":372,"column":7}},"111":{"start":{"line":378,"column":0},"end":{"line":401,"column":2}},"112":{"start":{"line":379,"column":2},"end":{"line":400,"column":3}},"113":{"start":{"line":380,"column":19},"end":{"line":380,"column":34}},"114":{"start":{"line":381,"column":17},"end":{"line":381,"column":44}},"115":{"start":{"line":384,"column":4},"end":{"line":388,"column":5}},"116":{"start":{"line":385,"column":6},"end":{"line":385,"column":77}},"117":{"start":{"line":387,"column":6},"end":{"line":387,"column":78}},"118":{"start":{"line":390,"column":4},"end":{"line":393,"column":7}},"119":{"start":{"line":395,"column":4},"end":{"line":395,"column":51}},"120":{"start":{"line":396,"column":4},"end":{"line":399,"column":7}},"121":{"start":{"line":405,"column":0},"end":{"line":436,"column":2}},"122":{"start":{"line":406,"column":2},"end":{"line":435,"column":3}},"123":{"start":{"line":407,"column":80},"end":{"line":407,"column":88}},"124":{"start":{"line":408,"column":19},"end":{"line":408,"column":34}},"125":{"start":{"line":409,"column":17},"end":{"line":409,"column":44}},"126":{"start":{"line":411,"column":21},"end":{"line":416,"column":5}},"127":{"start":{"line":418,"column":23},"end":{"line":422,"column":5}},"128":{"start":{"line":424,"column":4},"end":{"line":428,"column":7}},"129":{"start":{"line":430,"column":4},"end":{"line":430,"column":51}},"130":{"start":{"line":431,"column":4},"end":{"line":434,"column":7}},"131":{"start":{"line":440,"column":0},"end":{"line":466,"column":2}},"132":{"start":{"line":441,"column":2},"end":{"line":465,"column":3}},"133":{"start":{"line":442,"column":26},"end":{"line":442,"column":36}},"134":{"start":{"line":443,"column":19},"end":{"line":443,"column":34}},"135":{"start":{"line":444,"column":33},"end":{"line":444,"column":42}},"136":{"start":{"line":446,"column":18},"end":{"line":446,"column":54}},"137":{"start":{"line":447,"column":4},"end":{"line":449,"column":5}},"138":{"start":{"line":448,"column":6},"end":{"line":448,"column":24}},"139":{"start":{"line":451,"column":21},"end":{"line":453,"column":29}},"140":{"start":{"line":455,"column":4},"end":{"line":458,"column":7}},"141":{"start":{"line":460,"column":4},"end":{"line":460,"column":52}},"142":{"start":{"line":461,"column":4},"end":{"line":464,"column":7}},"143":{"start":{"line":470,"column":0},"end":{"line":514,"column":2}},"144":{"start":{"line":471,"column":2},"end":{"line":513,"column":3}},"145":{"start":{"line":472,"column":48},"end":{"line":472,"column":56}},"146":{"start":{"line":473,"column":19},"end":{"line":473,"column":34}},"147":{"start":{"line":476,"column":26},"end":{"line":476,"column":33}},"148":{"start":{"line":477,"column":4},"end":{"line":487,"column":5}},"149":{"start":{"line":478,"column":22},"end":{"line":478,"column":55}},"150":{"start":{"line":479,"column":6},"end":{"line":486,"column":7}},"151":{"start":{"line":480,"column":8},"end":{"line":485,"column":10}},"152":{"start":{"line":489,"column":27},"end":{"line":492,"column":5}},"153":{"start":{"line":495,"column":4},"end":{"line":501,"column":7}},"154":{"start":{"line":503,"column":4},"end":{"line":506,"column":7}},"155":{"start":{"line":508,"column":4},"end":{"line":508,"column":63}},"156":{"start":{"line":509,"column":4},"end":{"line":512,"column":7}},"157":{"start":{"line":518,"column":15},"end":{"line":518,"column":17}},"158":{"start":{"line":521,"column":24},"end":{"line":521,"column":33}},"159":{"start":{"line":522,"column":2},"end":{"line":526,"column":5}},"160":{"start":{"line":523,"column":4},"end":{"line":525,"column":5}},"161":{"start":{"line":524,"column":6},"end":{"line":524,"column":74}},"162":{"start":{"line":524,"column":49},"end":{"line":524,"column":72}},"163":{"start":{"line":529,"column":20},"end":{"line":529,"column":80}},"164":{"start":{"line":529,"column":67},"end":{"line":529,"column":73}},"165":{"start":{"line":532,"column":2},"end":{"line":536,"column":5}},"166":{"start":{"line":533,"column":4},"end":{"line":535,"column":5}},"167":{"start":{"line":533,"column":30},"end":{"line":533,"column":75}},"168":{"start":{"line":534,"column":6},"end":{"line":534,"column":22}},"169":{"start":{"line":538,"column":2},"end":{"line":538,"column":28}}},"fnMap":{"0":{"name":"(anonymous_0)","decl":{"start":{"line":12,"column":26},"end":{"line":12,"column":27}},"loc":{"start":{"line":12,"column":46},"end":{"line":63,"column":1}},"line":12},"1":{"name":"(anonymous_1)","decl":{"start":{"line":67,"column":26},"end":{"line":67,"column":27}},"loc":{"start":{"line":67,"column":46},"end":{"line":99,"column":1}},"line":67},"2":{"name":"(anonymous_2)","decl":{"start":{"line":103,"column":21},"end":{"line":103,"column":22}},"loc":{"start":{"line":103,"column":41},"end":{"line":158,"column":1}},"line":103},"3":{"name":"(anonymous_3)","decl":{"start":{"line":120,"column":8},"end":{"line":120,"column":9}},"loc":{"start":{"line":120,"column":13},"end":{"line":120,"column":41}},"line":120},"4":{"name":"(anonymous_4)","decl":{"start":{"line":162,"column":27},"end":{"line":162,"column":28}},"loc":{"start":{"line":162,"column":47},"end":{"line":208,"column":1}},"line":162},"5":{"name":"(anonymous_5)","decl":{"start":{"line":212,"column":24},"end":{"line":212,"column":25}},"loc":{"start":{"line":212,"column":44},"end":{"line":250,"column":1}},"line":212},"6":{"name":"(anonymous_6)","decl":{"start":{"line":219,"column":39},"end":{"line":219,"column":40}},"loc":{"start":{"line":220,"column":6},"end":{"line":220,"column":42}},"line":220},"7":{"name":"(anonymous_7)","decl":{"start":{"line":254,"column":23},"end":{"line":254,"column":24}},"loc":{"start":{"line":254,"column":43},"end":{"line":276,"column":1}},"line":254},"8":{"name":"(anonymous_8)","decl":{"start":{"line":280,"column":26},"end":{"line":280,"column":27}},"loc":{"start":{"line":280,"column":46},"end":{"line":303,"column":1}},"line":280},"9":{"name":"(anonymous_9)","decl":{"start":{"line":307,"column":26},"end":{"line":307,"column":27}},"loc":{"start":{"line":307,"column":46},"end":{"line":331,"column":1}},"line":307},"10":{"name":"(anonymous_10)","decl":{"start":{"line":335,"column":26},"end":{"line":335,"column":27}},"loc":{"start":{"line":335,"column":46},"end":{"line":374,"column":1}},"line":335},"11":{"name":"(anonymous_11)","decl":{"start":{"line":347,"column":6},"end":{"line":347,"column":7}},"loc":{"start":{"line":347,"column":11},"end":{"line":347,"column":39}},"line":347},"12":{"name":"(anonymous_12)","decl":{"start":{"line":378,"column":27},"end":{"line":378,"column":28}},"loc":{"start":{"line":378,"column":47},"end":{"line":401,"column":1}},"line":378},"13":{"name":"(anonymous_13)","decl":{"start":{"line":405,"column":25},"end":{"line":405,"column":26}},"loc":{"start":{"line":405,"column":45},"end":{"line":436,"column":1}},"line":405},"14":{"name":"(anonymous_14)","decl":{"start":{"line":440,"column":25},"end":{"line":440,"column":26}},"loc":{"start":{"line":440,"column":45},"end":{"line":466,"column":1}},"line":440},"15":{"name":"(anonymous_15)","decl":{"start":{"line":470,"column":40},"end":{"line":470,"column":41}},"loc":{"start":{"line":470,"column":60},"end":{"line":514,"column":1}},"line":470},"16":{"name":"identifySkillGaps","decl":{"start":{"line":517,"column":15},"end":{"line":517,"column":32}},"loc":{"start":{"line":517,"column":54},"end":{"line":539,"column":1}},"line":517},"17":{"name":"(anonymous_17)","decl":{"start":{"line":522,"column":29},"end":{"line":522,"column":30}},"loc":{"start":{"line":522,"column":42},"end":{"line":526,"column":3}},"line":522},"18":{"name":"(anonymous_18)","decl":{"start":{"line":524,"column":41},"end":{"line":524,"column":42}},"loc":{"start":{"line":524,"column":49},"end":{"line":524,"column":72}},"line":524},"19":{"name":"(anonymous_19)","decl":{"start":{"line":529,"column":62},"end":{"line":529,"column":63}},"loc":{"start":{"line":529,"column":67},"end":{"line":529,"column":73}},"line":529},"20":{"name":"(anonymous_20)","decl":{"start":{"line":532,"column":24},"end":{"line":532,"column":25}},"loc":{"start":{"line":532,"column":32},"end":{"line":536,"column":3}},"line":532},"21":{"name":"(anonymous_21)","decl":{"start":{"line":533,"column":24},"end":{"line":533,"column":25}},"loc":{"start":{"line":533,"column":30},"end":{"line":533,"column":75}},"line":533}},"branchMap":{"0":{"loc":{"start":{"line":19,"column":4},"end":{"line":25,"column":5}},"type":"if","locations":[{"start":{"line":19,"column":4},"end":{"line":25,"column":5}},{"start":{},"end":{}}],"line":19},"1":{"loc":{"start":{"line":19,"column":8},"end":{"line":19,"column":44}},"type":"binary-expr","locations":[{"start":{"line":19,"column":8},"end":{"line":19,"column":17}},{"start":{"line":19,"column":21},"end":{"line":19,"column":44}}],"line":19},"2":{"loc":{"start":{"line":35,"column":4},"end":{"line":50,"column":5}},"type":"if","locations":[{"start":{"line":35,"column":4},"end":{"line":50,"column":5}},{"start":{},"end":{}}],"line":35},"3":{"loc":{"start":{"line":35,"column":8},"end":{"line":35,"column":44}},"type":"binary-expr","locations":[{"start":{"line":35,"column":8},"end":{"line":35,"column":17}},{"start":{"line":35,"column":21},"end":{"line":35,"column":44}}],"line":35},"4":{"loc":{"start":{"line":109,"column":4},"end":{"line":111,"column":5}},"type":"if","locations":[{"start":{"line":109,"column":4},"end":{"line":111,"column":5}},{"start":{},"end":{}}],"line":109},"5":{"loc":{"start":{"line":115,"column":4},"end":{"line":125,"column":5}},"type":"if","locations":[{"start":{"line":115,"column":4},"end":{"line":125,"column":5}},{"start":{"line":117,"column":11},"end":{"line":125,"column":5}}],"line":115},"6":{"loc":{"start":{"line":122,"column":6},"end":{"line":124,"column":7}},"type":"if","locations":[{"start":{"line":122,"column":6},"end":{"line":124,"column":7}},{"start":{},"end":{}}],"line":122},"7":{"loc":{"start":{"line":129,"column":6},"end":{"line":129,"column":30}},"type":"binary-expr","locations":[{"start":{"line":129,"column":6},"end":{"line":129,"column":14}},{"start":{"line":129,"column":18},"end":{"line":129,"column":30}}],"line":129},"8":{"loc":{"start":{"line":141,"column":16},"end":{"line":141,"column":40}},"type":"binary-expr","locations":[{"start":{"line":141,"column":16},"end":{"line":141,"column":24}},{"start":{"line":141,"column":28},"end":{"line":141,"column":40}}],"line":141},"9":{"loc":{"start":{"line":144,"column":18},"end":{"line":144,"column":57}},"type":"cond-expr","locations":[{"start":{"line":144,"column":33},"end":{"line":144,"column":51}},{"start":{"line":144,"column":54},"end":{"line":144,"column":57}}],"line":144},"10":{"loc":{"start":{"line":223,"column":4},"end":{"line":228,"column":5}},"type":"if","locations":[{"start":{"line":223,"column":4},"end":{"line":228,"column":5}},{"start":{},"end":{}}],"line":223},"11":{"loc":{"start":{"line":342,"column":4},"end":{"line":344,"column":5}},"type":"if","locations":[{"start":{"line":342,"column":4},"end":{"line":344,"column":5}},{"start":{},"end":{}}],"line":342},"12":{"loc":{"start":{"line":350,"column":4},"end":{"line":352,"column":5}},"type":"if","locations":[{"start":{"line":350,"column":4},"end":{"line":352,"column":5}},{"start":{},"end":{}}],"line":350},"13":{"loc":{"start":{"line":384,"column":4},"end":{"line":388,"column":5}},"type":"if","locations":[{"start":{"line":384,"column":4},"end":{"line":388,"column":5}},{"start":{"line":386,"column":11},"end":{"line":388,"column":5}}],"line":384},"14":{"loc":{"start":{"line":444,"column":18},"end":{"line":444,"column":28}},"type":"default-arg","locations":[{"start":{"line":444,"column":26},"end":{"line":444,"column":28}}],"line":444},"15":{"loc":{"start":{"line":447,"column":4},"end":{"line":449,"column":5}},"type":"if","locations":[{"start":{"line":447,"column":4},"end":{"line":449,"column":5}},{"start":{},"end":{}}],"line":447},"16":{"loc":{"start":{"line":477,"column":4},"end":{"line":487,"column":5}},"type":"if","locations":[{"start":{"line":477,"column":4},"end":{"line":487,"column":5}},{"start":{},"end":{}}],"line":477},"17":{"loc":{"start":{"line":477,"column":8},"end":{"line":477,"column":37}},"type":"binary-expr","locations":[{"start":{"line":477,"column":8},"end":{"line":477,"column":24}},{"start":{"line":477,"column":28},"end":{"line":477,"column":37}}],"line":477},"18":{"loc":{"start":{"line":479,"column":6},"end":{"line":486,"column":7}},"type":"if","locations":[{"start":{"line":479,"column":6},"end":{"line":486,"column":7}},{"start":{},"end":{}}],"line":479},"19":{"loc":{"start":{"line":491,"column":6},"end":{"line":491,"column":23}},"type":"binary-expr","locations":[{"start":{"line":491,"column":6},"end":{"line":491,"column":17}},{"start":{"line":491,"column":21},"end":{"line":491,"column":23}}],"line":491},"20":{"loc":{"start":{"line":523,"column":4},"end":{"line":525,"column":5}},"type":"if","locations":[{"start":{"line":523,"column":4},"end":{"line":525,"column":5}},{"start":{},"end":{}}],"line":523},"21":{"loc":{"start":{"line":529,"column":20},"end":{"line":529,"column":80}},"type":"binary-expr","locations":[{"start":{"line":529,"column":20},"end":{"line":529,"column":74}},{"start":{"line":529,"column":78},"end":{"line":529,"column":80}}],"line":529},"22":{"loc":{"start":{"line":533,"column":4},"end":{"line":535,"column":5}},"type":"if","locations":[{"start":{"line":533,"column":4},"end":{"line":535,"column":5}},{"start":{},"end":{}}],"line":533}},"s":{"0":5,"1":5,"2":5,"3":5,"4":5,"5":5,"6":0,"7":0,"8":0,"9":0,"10":0,"11":0,"12":0,"13":0,"14":0,"15":0,"16":0,"17":0,"18":0,"19":0,"20":0,"21":0,"22":5,"23":0,"24":0,"25":0,"26":0,"27":0,"28":0,"29":0,"30":0,"31":5,"32":0,"33":0,"34":0,"35":0,"36":0,"37":0,"38":0,"39":0,"40":0,"41":0,"42":0,"43":0,"44":0,"45":0,"46":0,"47":0,"48":0,"49":0,"50":5,"51":0,"52":0,"53":0,"54":0,"55":0,"56":0,"57":0,"58":5,"59":0,"60":0,"61":0,"62":0,"63":0,"64":0,"65":0,"66":0,"67":0,"68":0,"69":0,"70":0,"71":5,"72":0,"73":0,"74":0,"75":0,"76":0,"77":0,"78":0,"79":5,"80":0,"81":0,"82":0,"83":0,"84":0,"85":0,"86":0,"87":5,"88":0,"89":0,"90":0,"91":0,"92":0,"93":0,"94":0,"95":5,"96":0,"97":0,"98":0,"99":0,"100":0,"101":0,"102":0,"103":0,"104":0,"105":0,"106":0,"107":0,"108":0,"109":0,"110":0,"111":5,"112":0,"113":0,"114":0,"115":0,"116":0,"117":0,"118":0,"119":0,"120":0,"121":5,"122":0,"123":0,"124":0,"125":0,"126":0,"127":0,"128":0,"129":0,"130":0,"131":5,"132":0,"133":0,"134":0,"135":0,"136":0,"137":0,"138":0,"139":0,"140":0,"141":0,"142":0,"143":5,"144":0,"145":0,"146":0,"147":0,"148":0,"149":0,"150":0,"151":0,"152":0,"153":0,"154":0,"155":0,"156":0,"157":0,"158":0,"159":0,"160":0,"161":0,"162":0,"163":0,"164":0,"165":0,"166":0,"167":0,"168":0,"169":0},"f":{"0":0,"1":0,"2":0,"3":0,"4":0,"5":0,"6":0,"7":0,"8":0,"9":0,"10":0,"11":0,"12":0,"13":0,"14":0,"15":0,"16":0,"17":0,"18":0,"19":0,"20":0,"21":0},"b":{"0":[0,0],"1":[0,0],"2":[0,0],"3":[0,0],"4":[0,0],"5":[0,0],"6":[0,0],"7":[0,0],"8":[0,0],"9":[0,0],"10":[0,0],"11":[0,0],"12":[0,0],"13":[0,0],"14":[0],"15":[0,0],"16":[0,0],"17":[0,0],"18":[0,0],"19":[0,0],"20":[0,0],"21":[0,0],"22":[0,0]},"_coverageSchema":"1a1c01bbd47fc00a2c39e90264f33305004495a9","hash":"7bd1c1f1d1859d965ea3f5d47be37b869efe8736"}
,"C:\\xampp\\htdocs\\Task-Management-System\\Backend\\controllers\\projectsController.js": {"path":"C:\\xampp\\htdocs\\Task-Management-System\\Backend\\controllers\\projectsController.js","statementMap":{"0":{"start":{"line":1,"column":16},"end":{"line":1,"column":44}},"1":{"start":{"line":2,"column":17},"end":{"line":2,"column":36}},"2":{"start":{"line":5,"column":0},"end":{"line":19,"column":2}},"3":{"start":{"line":6,"column":2},"end":{"line":18,"column":3}},"4":{"start":{"line":7,"column":42},"end":{"line":7,"column":51}},"5":{"start":{"line":8,"column":19},"end":{"line":8,"column":39}},"6":{"start":{"line":10,"column":4},"end":{"line":10,"column":51}},"7":{"start":{"line":10,"column":20},"end":{"line":10,"column":51}},"8":{"start":{"line":11,"column":4},"end":{"line":11,"column":39}},"9":{"start":{"line":11,"column":16},"end":{"line":11,"column":39}},"10":{"start":{"line":13,"column":21},"end":{"line":13,"column":57}},"11":{"start":{"line":14,"column":4},"end":{"line":14,"column":23}},"12":{"start":{"line":16,"column":4},"end":{"line":16,"column":57}},"13":{"start":{"line":17,"column":4},"end":{"line":17,"column":51}},"14":{"start":{"line":22,"column":0},"end":{"line":31,"column":2}},"15":{"start":{"line":23,"column":2},"end":{"line":30,"column":3}},"16":{"start":{"line":24,"column":20},"end":{"line":24,"column":57}},"17":{"start":{"line":25,"column":4},"end":{"line":25,"column":78}},"18":{"start":{"line":25,"column":18},"end":{"line":25,"column":78}},"19":{"start":{"line":26,"column":4},"end":{"line":26,"column":22}},"20":{"start":{"line":28,"column":4},"end":{"line":28,"column":50}},"21":{"start":{"line":29,"column":4},"end":{"line":29,"column":51}},"22":{"start":{"line":34,"column":0},"end":{"line":160,"column":2}},"23":{"start":{"line":35,"column":2},"end":{"line":159,"column":3}},"24":{"start":{"line":36,"column":19},"end":{"line":36,"column":29}},"25":{"start":{"line":37,"column":28},"end":{"line":37,"column":36}},"26":{"start":{"line":38,"column":19},"end":{"line":38,"column":35}},"27":{"start":{"line":41,"column":4},"end":{"line":47,"column":7}},"28":{"start":{"line":50,"column":4},"end":{"line":53,"column":5}},"29":{"start":{"line":51,"column":6},"end":{"line":51,"column":50}},"30":{"start":{"line":52,"column":6},"end":{"line":52,"column":71}},"31":{"start":{"line":55,"column":4},"end":{"line":58,"column":5}},"32":{"start":{"line":56,"column":6},"end":{"line":56,"column":49}},"33":{"start":{"line":57,"column":6},"end":{"line":57,"column":67}},"34":{"start":{"line":62,"column":4},"end":{"line":67,"column":5}},"35":{"start":{"line":63,"column":6},"end":{"line":63,"column":57}},"36":{"start":{"line":65,"column":6},"end":{"line":65,"column":67}},"37":{"start":{"line":66,"column":6},"end":{"line":66,"column":71}},"38":{"start":{"line":70,"column":20},"end":{"line":70,"column":46}},"39":{"start":{"line":71,"column":4},"end":{"line":74,"column":5}},"40":{"start":{"line":72,"column":6},"end":{"line":72,"column":48}},"41":{"start":{"line":73,"column":6},"end":{"line":73,"column":66}},"42":{"start":{"line":75,"column":4},"end":{"line":75,"column":101}},"43":{"start":{"line":78,"column":31},"end":{"line":80,"column":5}},"44":{"start":{"line":79,"column":11},"end":{"line":79,"column":57}},"45":{"start":{"line":81,"column":4},"end":{"line":84,"column":5}},"46":{"start":{"line":82,"column":6},"end":{"line":82,"column":67}},"47":{"start":{"line":83,"column":6},"end":{"line":83,"column":81}},"48":{"start":{"line":87,"column":28},"end":{"line":92,"column":27}},"49":{"start":{"line":95,"column":23},"end":{"line":103,"column":5}},"50":{"start":{"line":106,"column":4},"end":{"line":108,"column":5}},"51":{"start":{"line":107,"column":6},"end":{"line":107,"column":33}},"52":{"start":{"line":110,"column":4},"end":{"line":110,"column":43}},"53":{"start":{"line":112,"column":4},"end":{"line":112,"column":91}},"54":{"start":{"line":115,"column":25},"end":{"line":115,"column":73}},"55":{"start":{"line":116,"column":4},"end":{"line":116,"column":78}},"56":{"start":{"line":118,"column":4},"end":{"line":129,"column":7}},"57":{"start":{"line":133,"column":4},"end":{"line":141,"column":7}},"58":{"start":{"line":143,"column":4},"end":{"line":149,"column":5}},"59":{"start":{"line":144,"column":6},"end":{"line":144,"column":56}},"60":{"start":{"line":145,"column":6},"end":{"line":148,"column":9}},"61":{"start":{"line":151,"column":4},"end":{"line":153,"column":5}},"62":{"start":{"line":152,"column":6},"end":{"line":152,"column":53}},"63":{"start":{"line":155,"column":4},"end":{"line":158,"column":7}},"64":{"start":{"line":164,"column":0},"end":{"line":174,"column":2}},"65":{"start":{"line":165,"column":2},"end":{"line":173,"column":3}},"66":{"start":{"line":166,"column":19},"end":{"line":166,"column":34}},"67":{"start":{"line":167,"column":21},"end":{"line":169,"column":6}},"68":{"start":{"line":170,"column":4},"end":{"line":170,"column":23}},"69":{"start":{"line":172,"column":4},"end":{"line":172,"column":51}},"70":{"start":{"line":177,"column":0},"end":{"line":187,"column":2}},"71":{"start":{"line":178,"column":2},"end":{"line":186,"column":3}},"72":{"start":{"line":179,"column":20},"end":{"line":182,"column":6}},"73":{"start":{"line":183,"column":4},"end":{"line":183,"column":34}},"74":{"start":{"line":185,"column":4},"end":{"line":185,"column":51}},"75":{"start":{"line":190,"column":0},"end":{"line":240,"column":2}},"76":{"start":{"line":191,"column":2},"end":{"line":239,"column":3}},"77":{"start":{"line":192,"column":22},"end":{"line":192,"column":35}},"78":{"start":{"line":193,"column":42},"end":{"line":193,"column":50}},"79":{"start":{"line":195,"column":4},"end":{"line":197,"column":5}},"80":{"start":{"line":196,"column":6},"end":{"line":196,"column":79}},"81":{"start":{"line":199,"column":20},"end":{"line":199,"column":53}},"82":{"start":{"line":200,"column":4},"end":{"line":202,"column":5}},"83":{"start":{"line":201,"column":6},"end":{"line":201,"column":66}},"84":{"start":{"line":205,"column":32},"end":{"line":207,"column":10}},"85":{"start":{"line":206,"column":39},"end":{"line":206,"column":87}},"86":{"start":{"line":209,"column":23},"end":{"line":214,"column":5}},"87":{"start":{"line":216,"column":4},"end":{"line":216,"column":47}},"88":{"start":{"line":216,"column":26},"end":{"line":216,"column":47}},"89":{"start":{"line":218,"column":4},"end":{"line":222,"column":5}},"90":{"start":{"line":219,"column":6},"end":{"line":219,"column":56}},"91":{"start":{"line":221,"column":6},"end":{"line":221,"column":39}},"92":{"start":{"line":225,"column":16},"end":{"line":225,"column":69}},"93":{"start":{"line":225,"column":51},"end":{"line":225,"column":65}},"94":{"start":{"line":226,"column":4},"end":{"line":226,"column":81}},"95":{"start":{"line":228,"column":4},"end":{"line":228,"column":25}},"96":{"start":{"line":230,"column":4},"end":{"line":235,"column":7}},"97":{"start":{"line":237,"column":4},"end":{"line":237,"column":47}},"98":{"start":{"line":238,"column":4},"end":{"line":238,"column":51}},"99":{"start":{"line":243,"column":0},"end":{"line":299,"column":2}},"100":{"start":{"line":244,"column":2},"end":{"line":298,"column":3}},"101":{"start":{"line":245,"column":43},"end":{"line":245,"column":53}},"102":{"start":{"line":246,"column":34},"end":{"line":246,"column":42}},"103":{"start":{"line":248,"column":20},"end":{"line":248,"column":53}},"104":{"start":{"line":249,"column":4},"end":{"line":251,"column":5}},"105":{"start":{"line":250,"column":6},"end":{"line":250,"column":66}},"106":{"start":{"line":254,"column":28},"end":{"line":256,"column":5}},"107":{"start":{"line":255,"column":11},"end":{"line":255,"column":59}},"108":{"start":{"line":258,"column":4},"end":{"line":260,"column":5}},"109":{"start":{"line":259,"column":6},"end":{"line":259,"column":77}},"110":{"start":{"line":262,"column":23},"end":{"line":262,"column":61}},"111":{"start":{"line":263,"column":27},"end":{"line":263,"column":48}},"112":{"start":{"line":265,"column":4},"end":{"line":282,"column":5}},"113":{"start":{"line":266,"column":6},"end":{"line":266,"column":58}},"114":{"start":{"line":267,"column":6},"end":{"line":267,"column":59}},"115":{"start":{"line":267,"column":52},"end":{"line":267,"column":57}},"116":{"start":{"line":270,"column":30},"end":{"line":270,"column":61}},"117":{"start":{"line":271,"column":6},"end":{"line":273,"column":7}},"118":{"start":{"line":272,"column":8},"end":{"line":272,"column":57}},"119":{"start":{"line":276,"column":6},"end":{"line":281,"column":7}},"120":{"start":{"line":277,"column":8},"end":{"line":277,"column":40}},"121":{"start":{"line":278,"column":8},"end":{"line":278,"column":69}},"122":{"start":{"line":279,"column":13},"end":{"line":281,"column":7}},"123":{"start":{"line":280,"column":8},"end":{"line":280,"column":42}},"124":{"start":{"line":284,"column":4},"end":{"line":284,"column":25}},"125":{"start":{"line":286,"column":4},"end":{"line":294,"column":7}},"126":{"start":{"line":296,"column":4},"end":{"line":296,"column":52}},"127":{"start":{"line":297,"column":4},"end":{"line":297,"column":51}},"128":{"start":{"line":302,"column":0},"end":{"line":371,"column":2}},"129":{"start":{"line":303,"column":2},"end":{"line":370,"column":3}},"130":{"start":{"line":304,"column":19},"end":{"line":304,"column":34}},"131":{"start":{"line":307,"column":25},"end":{"line":307,"column":46}},"132":{"start":{"line":308,"column":28},"end":{"line":310,"column":13}},"133":{"start":{"line":313,"column":26},"end":{"line":313,"column":58}},"134":{"start":{"line":314,"column":32},"end":{"line":316,"column":13}},"135":{"start":{"line":319,"column":29},"end":{"line":347,"column":6}},"136":{"start":{"line":320,"column":25},"end":{"line":322,"column":7}},"137":{"start":{"line":321,"column":13},"end":{"line":321,"column":41}},"138":{"start":{"line":323,"column":6},"end":{"line":346,"column":8}},"139":{"start":{"line":350,"column":19},"end":{"line":350,"column":28}},"140":{"start":{"line":351,"column":24},"end":{"line":351,"column":26}},"141":{"start":{"line":353,"column":4},"end":{"line":358,"column":7}},"142":{"start":{"line":353,"column":34},"end":{"line":353,"column":57}},"143":{"start":{"line":354,"column":6},"end":{"line":357,"column":7}},"144":{"start":{"line":355,"column":8},"end":{"line":355,"column":43}},"145":{"start":{"line":356,"column":8},"end":{"line":356,"column":34}},"146":{"start":{"line":360,"column":4},"end":{"line":360,"column":98}},"147":{"start":{"line":360,"column":31},"end":{"line":360,"column":96}},"148":{"start":{"line":362,"column":4},"end":{"line":366,"column":7}},"149":{"start":{"line":368,"column":4},"end":{"line":368,"column":55}},"150":{"start":{"line":369,"column":4},"end":{"line":369,"column":69}},"151":{"start":{"line":373,"column":0},"end":{"line":399,"column":2}},"152":{"start":{"line":374,"column":2},"end":{"line":398,"column":3}},"153":{"start":{"line":375,"column":35},"end":{"line":375,"column":43}},"154":{"start":{"line":377,"column":28},"end":{"line":380,"column":6}},"155":{"start":{"line":382,"column":4},"end":{"line":384,"column":5}},"156":{"start":{"line":383,"column":6},"end":{"line":383,"column":89}},"157":{"start":{"line":386,"column":20},"end":{"line":390,"column":6}},"158":{"start":{"line":392,"column":4},"end":{"line":395,"column":7}},"159":{"start":{"line":397,"column":4},"end":{"line":397,"column":69}},"160":{"start":{"line":401,"column":0},"end":{"line":446,"column":2}},"161":{"start":{"line":402,"column":2},"end":{"line":445,"column":3}},"162":{"start":{"line":403,"column":35},"end":{"line":403,"column":43}},"163":{"start":{"line":404,"column":19},"end":{"line":404,"column":34}},"164":{"start":{"line":406,"column":25},"end":{"line":406,"column":27}},"165":{"start":{"line":407,"column":4},"end":{"line":407,"column":63}},"166":{"start":{"line":407,"column":29},"end":{"line":407,"column":63}},"167":{"start":{"line":408,"column":4},"end":{"line":408,"column":81}},"168":{"start":{"line":408,"column":35},"end":{"line":408,"column":81}},"169":{"start":{"line":410,"column":4},"end":{"line":420,"column":5}},"170":{"start":{"line":411,"column":23},"end":{"line":415,"column":8}},"171":{"start":{"line":417,"column":6},"end":{"line":419,"column":7}},"172":{"start":{"line":418,"column":8},"end":{"line":418,"column":91}},"173":{"start":{"line":422,"column":21},"end":{"line":422,"column":40}},"174":{"start":{"line":423,"column":20},"end":{"line":430,"column":5}},"175":{"start":{"line":432,"column":4},"end":{"line":436,"column":5}},"176":{"start":{"line":433,"column":21},"end":{"line":433,"column":58}},"177":{"start":{"line":434,"column":6},"end":{"line":434,"column":81}},"178":{"start":{"line":434,"column":19},"end":{"line":434,"column":81}},"179":{"start":{"line":435,"column":6},"end":{"line":435,"column":86}},"180":{"start":{"line":438,"column":4},"end":{"line":441,"column":7}},"181":{"start":{"line":443,"column":4},"end":{"line":443,"column":49}},"182":{"start":{"line":444,"column":4},"end":{"line":444,"column":69}},"183":{"start":{"line":448,"column":0},"end":{"line":467,"column":2}},"184":{"start":{"line":449,"column":2},"end":{"line":466,"column":3}},"185":{"start":{"line":450,"column":20},"end":{"line":453,"column":6}},"186":{"start":{"line":455,"column":4},"end":{"line":457,"column":5}},"187":{"start":{"line":456,"column":6},"end":{"line":456,"column":68}},"188":{"start":{"line":459,"column":4},"end":{"line":463,"column":7}},"189":{"start":{"line":465,"column":4},"end":{"line":465,"column":69}}},"fnMap":{"0":{"name":"(anonymous_0)","decl":{"start":{"line":5,"column":32},"end":{"line":5,"column":33}},"loc":{"start":{"line":5,"column":52},"end":{"line":19,"column":1}},"line":5},"1":{"name":"(anonymous_1)","decl":{"start":{"line":22,"column":25},"end":{"line":22,"column":26}},"loc":{"start":{"line":22,"column":45},"end":{"line":31,"column":1}},"line":22},"2":{"name":"(anonymous_2)","decl":{"start":{"line":34,"column":26},"end":{"line":34,"column":27}},"loc":{"start":{"line":34,"column":46},"end":{"line":160,"column":1}},"line":34},"3":{"name":"(anonymous_3)","decl":{"start":{"line":79,"column":6},"end":{"line":79,"column":7}},"loc":{"start":{"line":79,"column":11},"end":{"line":79,"column":57}},"line":79},"4":{"name":"(anonymous_4)","decl":{"start":{"line":164,"column":24},"end":{"line":164,"column":25}},"loc":{"start":{"line":164,"column":44},"end":{"line":174,"column":1}},"line":164},"5":{"name":"(anonymous_5)","decl":{"start":{"line":177,"column":24},"end":{"line":177,"column":25}},"loc":{"start":{"line":177,"column":44},"end":{"line":187,"column":1}},"line":177},"6":{"name":"(anonymous_6)","decl":{"start":{"line":190,"column":22},"end":{"line":190,"column":23}},"loc":{"start":{"line":190,"column":42},"end":{"line":240,"column":1}},"line":190},"7":{"name":"(anonymous_7)","decl":{"start":{"line":206,"column":34},"end":{"line":206,"column":35}},"loc":{"start":{"line":206,"column":39},"end":{"line":206,"column":87}},"line":206},"8":{"name":"(anonymous_8)","decl":{"start":{"line":225,"column":39},"end":{"line":225,"column":40}},"loc":{"start":{"line":225,"column":51},"end":{"line":225,"column":65}},"line":225},"9":{"name":"(anonymous_9)","decl":{"start":{"line":243,"column":26},"end":{"line":243,"column":27}},"loc":{"start":{"line":243,"column":46},"end":{"line":299,"column":1}},"line":243},"10":{"name":"(anonymous_10)","decl":{"start":{"line":255,"column":6},"end":{"line":255,"column":7}},"loc":{"start":{"line":255,"column":11},"end":{"line":255,"column":59}},"line":255},"11":{"name":"(anonymous_11)","decl":{"start":{"line":267,"column":42},"end":{"line":267,"column":43}},"loc":{"start":{"line":267,"column":52},"end":{"line":267,"column":57}},"line":267},"12":{"name":"(anonymous_12)","decl":{"start":{"line":302,"column":27},"end":{"line":302,"column":28}},"loc":{"start":{"line":302,"column":47},"end":{"line":371,"column":1}},"line":302},"13":{"name":"(anonymous_13)","decl":{"start":{"line":319,"column":53},"end":{"line":319,"column":54}},"loc":{"start":{"line":319,"column":64},"end":{"line":347,"column":5}},"line":319},"14":{"name":"(anonymous_14)","decl":{"start":{"line":321,"column":8},"end":{"line":321,"column":9}},"loc":{"start":{"line":321,"column":13},"end":{"line":321,"column":41}},"line":321},"15":{"name":"(anonymous_15)","decl":{"start":{"line":353,"column":28},"end":{"line":353,"column":29}},"loc":{"start":{"line":353,"column":34},"end":{"line":353,"column":57}},"line":353},"16":{"name":"(anonymous_16)","decl":{"start":{"line":353,"column":90},"end":{"line":353,"column":91}},"loc":{"start":{"line":353,"column":101},"end":{"line":358,"column":5}},"line":353},"17":{"name":"(anonymous_17)","decl":{"start":{"line":360,"column":21},"end":{"line":360,"column":22}},"loc":{"start":{"line":360,"column":31},"end":{"line":360,"column":96}},"line":360},"18":{"name":"(anonymous_18)","decl":{"start":{"line":373,"column":24},"end":{"line":373,"column":25}},"loc":{"start":{"line":373,"column":44},"end":{"line":399,"column":1}},"line":373},"19":{"name":"(anonymous_19)","decl":{"start":{"line":401,"column":24},"end":{"line":401,"column":25}},"loc":{"start":{"line":401,"column":44},"end":{"line":446,"column":1}},"line":401},"20":{"name":"(anonymous_20)","decl":{"start":{"line":448,"column":24},"end":{"line":448,"column":25}},"loc":{"start":{"line":448,"column":44},"end":{"line":467,"column":1}},"line":448}},"branchMap":{"0":{"loc":{"start":{"line":10,"column":4},"end":{"line":10,"column":51}},"type":"if","locations":[{"start":{"line":10,"column":4},"end":{"line":10,"column":51}},{"start":{},"end":{}}],"line":10},"1":{"loc":{"start":{"line":11,"column":4},"end":{"line":11,"column":39}},"type":"if","locations":[{"start":{"line":11,"column":4},"end":{"line":11,"column":39}},{"start":{},"end":{}}],"line":11},"2":{"loc":{"start":{"line":25,"column":4},"end":{"line":25,"column":78}},"type":"if","locations":[{"start":{"line":25,"column":4},"end":{"line":25,"column":78}},{"start":{},"end":{}}],"line":25},"3":{"loc":{"start":{"line":45,"column":19},"end":{"line":45,"column":58}},"type":"cond-expr","locations":[{"start":{"line":45,"column":30},"end":{"line":45,"column":51}},{"start":{"line":45,"column":54},"end":{"line":45,"column":58}}],"line":45},"4":{"loc":{"start":{"line":46,"column":23},"end":{"line":46,"column":68}},"type":"cond-expr","locations":[{"start":{"line":46,"column":37},"end":{"line":46,"column":61}},{"start":{"line":46,"column":64},"end":{"line":46,"column":68}}],"line":46},"5":{"loc":{"start":{"line":50,"column":4},"end":{"line":53,"column":5}},"type":"if","locations":[{"start":{"line":50,"column":4},"end":{"line":53,"column":5}},{"start":{},"en
[...]
ine":355,"column":34}},"110":{"start":{"line":360,"column":4},"end":{"line":360,"column":79}},"111":{"start":{"line":364,"column":19},"end":{"line":364,"column":46}},"112":{"start":{"line":365,"column":17},"end":{"line":365,"column":42}},"113":{"start":{"line":366,"column":19},"end":{"line":366,"column":46}},"114":{"start":{"line":367,"column":17},"end":{"line":367,"column":42}},"115":{"start":{"line":369,"column":25},"end":{"line":369,"column":49}},"116":{"start":{"line":370,"column":23},"end":{"line":370,"column":43}},"117":{"start":{"line":372,"column":4},"end":{"line":372,"column":50}},"118":{"start":{"line":376,"column":4},"end":{"line":376,"column":27}},"119":{"start":{"line":376,"column":18},"end":{"line":376,"column":27}},"120":{"start":{"line":377,"column":29},"end":{"line":377,"column":59}},"121":{"start":{"line":378,"column":4},"end":{"line":378,"column":46}},"122":{"start":{"line":383,"column":22},"end":{"line":383,"column":84}},"123":{"start":{"line":384,"column":4},"end":{"line":384,"column":53}},"124":{"start":{"line":389,"column":4},"end":{"line":389,"column":63}},"125":{"start":{"line":395,"column":4},"end":{"line":395,"column":66}},"126":{"start":{"line":401,"column":23},"end":{"line":405,"column":6}},"127":{"start":{"line":407,"column":4},"end":{"line":409,"column":5}},"128":{"start":{"line":408,"column":6},"end":{"line":408,"column":67}},"129":{"start":{"line":411,"column":4},"end":{"line":411,"column":36}},"130":{"start":{"line":412,"column":4},"end":{"line":412,"column":28}},"131":{"start":{"line":414,"column":4},"end":{"line":414,"column":22}},"132":{"start":{"line":418,"column":0},"end":{"line":418,"column":45}}},"fnMap":{"0":{"name":"(anonymous_0)","decl":{"start":{"line":10,"column":2},"end":{"line":10,"column":3}},"loc":{"start":{"line":10,"column":54},"end":{"line":76,"column":3}},"line":10},"1":{"name":"(anonymous_1)","decl":{"start":{"line":22,"column":64},"end":{"line":22,"column":65}},"loc":{"start":{"line":22,"column":69},"end":{"line":22,"column":75}},"line":22},"2":{"name":"(anonymous_2)","decl":{"start":{"line":24,"column":44},"end":{"line":24,"column":45}},"loc":{"start":{"line":25,"column":6},"end":{"line":25,"column":74}},"line":25},"3":{"name":"(anonymous_3)","decl":{"start":{"line":25,"column":27},"end":{"line":25,"column":28}},"loc":{"start":{"line":25,"column":32},"end":{"line":25,"column":73}},"line":25},"4":{"name":"(anonymous_4)","decl":{"start":{"line":74,"column":35},"end":{"line":74,"column":36}},"loc":{"start":{"line":74,"column":41},"end":{"line":74,"column":67}},"line":74},"5":{"name":"(anonymous_5)","decl":{"start":{"line":79,"column":2},"end":{"line":79,"column":3}},"loc":{"start":{"line":79,"column":53},"end":{"line":133,"column":3}},"line":79},"6":{"name":"(anonymous_6)","decl":{"start":{"line":100,"column":18},"end":{"line":100,"column":19}},"loc":{"start":{"line":100,"column":36},"end":{"line":126,"column":7}},"line":100},"7":{"name":"(anonymous_7)","decl":{"start":{"line":131,"column":12},"end":{"line":131,"column":13}},"loc":{"start":{"line":131,"column":22},"end":{"line":131,"column":61}},"line":131},"8":{"name":"(anonymous_8)","decl":{"start":{"line":136,"column":2},"end":{"line":136,"column":3}},"loc":{"start":{"line":136,"column":69},"end":{"line":171,"column":3}},"line":136},"9":{"name":"(anonymous_9)","decl":{"start":{"line":174,"column":2},"end":{"line":174,"column":3}},"loc":{"start":{"line":174,"column":49},"end":{"line":192,"column":3}},"line":174},"10":{"name":"(anonymous_10)","decl":{"start":{"line":195,"column":2},"end":{"line":195,"column":3}},"loc":{"start":{"line":195,"column":62},"end":{"line":227,"column":3}},"line":195},"11":{"name":"(anonymous_11)","decl":{"start":{"line":230,"column":2},"end":{"line":230,"column":3}},"loc":{"start":{"line":230,"column":72},"end":{"line":249,"column":3}},"line":230},"12":{"name":"(anonymous_12)","decl":{"start":{"line":252,"column":2},"end":{"line":252,"column":3}},"loc":{"start":{"line":252,"column":40},"end":{"line":275,"column":3}},"line":252},"13":{"name":"(anonymous_13)","decl":{"start":{"line":278,"column":2},"end":{"line":278,"column":3}},"loc":{"start":{"line":278,"column":65},"end":{"line":315,"column":3}},"line":278},"14":{"name":"(anonymous_14)","decl":{"start":{"line":306,"column":51},"end":{"line":306,"column":52}},"loc":{"start":{"line":306,"column":56},"end":{"line":306,"column":80}},"line":306},"15":{"name":"(anonymous_15)","decl":{"start":{"line":318,"column":2},"end":{"line":318,"column":3}},"loc":{"start":{"line":318,"column":41},"end":{"line":323,"column":3}},"line":318},"16":{"name":"(anonymous_16)","decl":{"start":{"line":326,"column":2},"end":{"line":326,"column":3}},"loc":{"start":{"line":326,"column":39},"end":{"line":331,"column":3}},"line":326},"17":{"name":"(anonymous_17)","decl":{"start":{"line":334,"column":2},"end":{"line":334,"column":3}},"loc":{"start":{"line":334,"column":72},"end":{"line":361,"column":3}},"line":334},"18":{"name":"(anonymous_18)","decl":{"start":{"line":341,"column":17},"end":{"line":341,"column":18}},"loc":{"start":{"line":341,"column":24},"end":{"line":358,"column":5}},"line":341},"19":{"name":"(anonymous_19)","decl":{"start":{"line":345,"column":27},"end":{"line":345,"column":28}},"loc":{"start":{"line":345,"column":42},"end":{"line":357,"column":7}},"line":345},"20":{"name":"(anonymous_20)","decl":{"start":{"line":350,"column":28},"end":{"line":350,"column":29}},"loc":{"start":{"line":350,"column":42},"end":{"line":356,"column":9}},"line":350},"21":{"name":"(anonymous_21)","decl":{"start":{"line":363,"column":2},"end":{"line":363,"column":3}},"loc":{"start":{"line":363,"column":31},"end":{"line":373,"column":3}},"line":363},"22":{"name":"(anonymous_22)","decl":{"start":{"line":375,"column":2},"end":{"line":375,"column":3}},"loc":{"start":{"line":375,"column":21},"end":{"line":379,"column":3}},"line":375},"23":{"name":"(anonymous_23)","decl":{"start":{"line":382,"column":2},"end":{"line":382,"column":3}},"loc":{"start":{"line":382,"column":30},"end":{"line":385,"column":3}},"line":382},"24":{"name":"(anonymous_24)","decl":{"start":{"line":388,"column":2},"end":{"line":388,"column":3}},"loc":{"start":{"line":388,"column":45},"end":{"line":391,"column":3}},"line":388},"25":{"name":"(anonymous_25)","decl":{"start":{"line":394,"column":2},"end":{"line":394,"column":3}},"loc":{"start":{"line":394,"column":49},"end":{"line":397,"column":3}},"line":394},"26":{"name":"(anonymous_26)","decl":{"start":{"line":400,"column":2},"end":{"line":400,"column":3}},"loc":{"start":{"line":400,"column":55},"end":{"line":415,"column":3}},"line":400}},"branchMap":{"0":{"loc":{"start":{"line":22,"column":25},"end":{"line":22,"column":82}},"type":"binary-expr","locations":[{"start":{"line":22,"column":25},"end":{"line":22,"column":76}},{"start":{"line":22,"column":80},"end":{"line":22,"column":82}}],"line":22},"1":{"loc":{"start":{"line":23,"column":28},"end":{"line":23,"column":50}},"type":"binary-expr","locations":[{"start":{"line":23,"column":28},"end":{"line":23,"column":44}},{"start":{"line":23,"column":48},"end":{"line":23,"column":50}}],"line":23},"2":{"loc":{"start":{"line":27,"column":22},"end":{"line":29,"column":11}},"type":"cond-expr","locations":[{"start":{"line":28,"column":9},"end":{"line":28,"column":49}},{"start":{"line":29,"column":8},"end":{"line":29,"column":11}}],"line":27},"3":{"loc":{"start":{"line":33,"column":24},"end":{"line":33,"column":72}},"type":"cond-expr","locations":[{"start":{"line":33,"column":67},"end":{"line":33,"column":68}},{"start":{"line":33,"column":71},"end":{"line":33,"column":72}}],"line":33},"4":{"loc":{"start":{"line":38,"column":25},"end":{"line":38,"column":66}},"type":"binary-expr","locations":[{"start":{"line":38,"column":25},"end":{"line":38,"column":61}},{"start":{"line":38,"column":65},"end":{"line":38,"column":66}}],"line":38},"5":{"loc":{"start":{"line":39,"column":27},"end":{"line":39,"column":70}},"type":"binary-expr","locations":[{"start":{"line":39,"column":27},"end":{"line":39,"column":65}},{"start":{"line":39,"column":69},"end":{"line":39,"column":70}}],"line":39},"6":{"loc":{"start":{"line":40,"column":28},"end":{"line":40,"column":66}},"type":"cond-expr","locations":[{"start":{"line":40,"column":61},"end":{"line":40,"column":62}},{"start":{"line":40,"column":65},"end":{"line":40,"column":66}}],"line":40},"7":{"loc":{"start":{"line":51,"column":24},"end":{"line":53,"column":9}},"type":"cond-expr","locations":[{"start":{"line":52,"column":8},"end":{"line":52,"column":57}},{"start":{"line":53,"column":8},"end":{"line":53,"column":9}}],"line":51},"8":{"loc":{"start":{"line":57,"column":29},"end":{"line":57,"column":57}},"type":"binary-expr","locations":[{"start":{"line":57,"column":29},"end":{"line":57,"column":52}},{"start":{"line":57,"column":56},"end":{"line":57,"column":57}}],"line":57},"9":{"loc":{"start":{"line":58,"column":33},"end":{"line":58,"column":65}},"type":"binary-expr","locations":[{"start":{"line":58,"column":33},"end":{"line":58,"column":60}},{"start":{"line":58,"column":64},"end":{"line":58,"column":65}}],"line":58},"10":{"loc":{"start":{"line":59,"column":24},"end":{"line":61,"column":11}},"type":"cond-expr","locations":[{"start":{"line":60,"column":8},"end":{"line":60,"column":47}},{"start":{"line":61,"column":8},"end":{"line":61,"column":11}}],"line":59},"11":{"loc":{"start":{"line":71,"column":28},"end":{"line":71,"column":53}},"type":"binary-expr","locations":[{"start":{"line":71,"column":28},"end":{"line":71,"column":48}},{"start":{"line":71,"column":52},"end":{"line":71,"column":53}}],"line":71},"12":{"loc":{"start":{"line":79,"column":42},"end":{"line":79,"column":51}},"type":"default-arg","locations":[{"start":{"line":79,"column":50},"end":{"line":79,"column":51}}],"line":79},"13":{"loc":{"start":{"line":83,"column":4},"end":{"line":85,"column":5}},"type":"if","locations":[{"start":{"line":83,"column":4},"end":{"line":85,"column":5}},{"start":{},"end":{}}],"line":83},"14":{"loc":{"start":{"line":94,"column":4},"end":{"line":96,"column":5}},"type":"if","locations":[{"start":{"line":94,"column":4},"end":{"line":96,"column":5}},{"start":{},"end":{}}],"line":94},"15":{"loc":{"start":{"line":113,"column":23},"end":{"line":113,"column":45}},"type":"binary-expr","locations":[{"start":{"line":113,"column":23},"end":{"line":113,"column":39}},{"start":{"line":113,"column":43},"end":{"line":113,"column":45}}],"line":113},"16":{"loc":{"start":{"line":114,"column":21},"end":{"line":114,"column":41}},"type":"binary-expr","locations":[{"start":{"line":114,"column":21},"end":{"line":114,"column":35}},{"start":{"line":114,"column":39},"end":{"line":114,"column":41}}],"line":114},"17":{"loc":{"start":{"line":115,"column":27},"end":{"line":115,"column":52}},"type":"binary-expr","locations":[{"start":{"line":115,"column":27},"end":{"line":115,"column":47}},{"start":{"line":115,"column":51},"end":{"line":115,"column":52}}],"line":115},"18":{"loc":{"start":{"line":116,"column":26},"end":{"line":116,"column":50}},"type":"binary-expr","locations":[{"start":{"line":116,"column":26},"end":{"line":116,"column":45}},{"start":{"line":116,"column":49},"end":{"line":116,"column":50}}],"line":116},"19":{"loc":{"start":{"line":117,"column":34},"end":{"line":117,"column":66}},"type":"binary-expr","locations":[{"start":{"line":117,"column":34},"end":{"line":117,"column":61}},{"start":{"line":117,"column":65},"end":{"line":117,"column":66}}],"line":117},"20":{"loc":{"start":{"line":118,"column":30},"end":{"line":118,"column":58}},"type":"binary-expr","locations":[{"start":{"line":118,"column":30},"end":{"line":118,"column":53}},{"start":{"line":118,"column":57},"end":{"line":118,"column":58}}],"line":118},"21":{"loc":{"start":{"line":119,"column":29},"end":{"line":119,"column":62}},"type":"binary-expr","locations":[{"start":{"line":119,"column":29},"end":{"line":119,"column":51}},{"start":{"line":119,"column":55},"end":{"line":119,"column":62}}],"line":119},"22":{"loc":{"start":{"line":120,"column":25},"end":{"line":120,"column":50}},"type":"binary-expr","locations":[{"start":{"line":120,"column":25},"end":{"line":120,"column":45}},{"start":{"line":120,"column":49},"end":{"line":120,"column":50}}],"line":120},"23":{"loc":{"start":{"line":122,"column":27},"end":{"line":122,"column":61}},"type":"binary-expr","locations":[{"start":{"line":122,"column":27},"end":{"line":122,"column":47}},{"start":{"line":122,"column":51},"end":{"line":122,"column":61}}],"line":122},"24":{"loc":{"start":{"line":145,"column":4},"end":{"line":147,"column":5}},"type":"if","locations":[{"start":{"line":145,"column":4},"end":{"line":147,"column":5}},{"start":{},"end":{}}],"line":145},"25":{"loc":{"start":{"line":181,"column":4},"end":{"line":183,"column":5}},"type":"if","locations":[{"start":{"line":181,"column":4},"end":{"line":183,"column":5}},{"start":{},"end":{}}],"line":181},"26":{"loc":{"start":{"line":200,"column":16},"end":{"line":200,"column":30}},"type":"binary-expr","locations":[{"start":{"line":200,"column":16},"end":{"line":200,"column":24}},{"start":{"line":200,"column":28},"end":{"line":200,"column":30}}],"line":200},"27":{"loc":{"start":{"line":201,"column":12},"end":{"line":201,"column":29}},"type":"binary-expr","locations":[{"start":{"line":201,"column":12},"end":{"line":201,"column":16}},{"start":{"line":201,"column":20},"end":{"line":201,"column":29}}],"line":201},"28":{"loc":{"start":{"line":202,"column":14},"end":{"line":202,"column":26}},"type":"binary-expr","locations":[{"start":{"line":202,"column":14},"end":{"line":202,"column":20}},{"start":{"line":202,"column":24},"end":{"line":202,"column":26}}],"line":202},"29":{"loc":{"start":{"line":216,"column":4},"end":{"line":218,"column":5}},"type":"if","locations":[{"start":{"line":216,"column":4},"end":{"line":218,"column":5}},{"start":{},"end":{}}],"line":216},"30":{"loc":{"start":{"line":233,"column":4},"end":{"line":235,"column":5}},"type":"if","locations":[{"start":{"line":233,"column":4},"end":{"line":235,"column":5}},{"start":{},"end":{}}],"line":233},"31":{"loc":{"start":{"line":238,"column":4},"end":{"line":240,"column":5}},"type":"if","locations":[{"start":{"line":238,"column":4},"end":{"line":240,"column":5}},{"start":{},"end":{}}],"line":238},"32":{"loc":{"start":{"line":243,"column":20},"end":{"line":243,"column":31}},"type":"binary-expr","locations":[{"start":{"line":243,"column":20},"end":{"line":243,"column":25}},{"start":{"line":243,"column":29},"end":{"line":243,"column":31}}],"line":243},"33":{"loc":{"start":{"line":244,"column":26},"end":{"line":244,"column":43}},"type":"binary-expr","locations":[{"start":{"line":244,"column":26},"end":{"line":244,"column":37}},{"start":{"line":244,"column":41},"end":{"line":244,"column":43}}],"line":244},"34":{"loc":{"start":{"line":270,"column":4},"end":{"line":272,"column":5}},"type":"if","locations":[{"start":{"line":270,"column":4},"end":{"line":272,"column":5}},{"start":{},"end":{}}],"line":270},"35":{"loc":{"start":{"line":278,"column":47},"end":{"line":278,"column":63}},"type":"default-arg","locations":[{"start":{"line":278,"column":59},"end":{"line":278,"column":63}}],"line":278},"36":{"loc":{"start":{"line":281,"column":4},"end":{"line":283,"column":5}},"type":"if","locations":[{"start":{"line":281,"column":4},"end":{"line":283,"column":5}},{"start":{},"end":{}}],"line":281},"37":{"loc":{"start":{"line":285,"column":4},"end":{"line":303,"column":5}},"type":"if","locations":[{"start":{"line":285,"column":4},"end":{"line":303,"column":5}},{"start":{"line":297,"column":11},"end":{"line":303,"column":5}}],"line":285},"38":{"loc":{"start":{"line":307,"column":4},"end":{"line":310,"column":5}},"type":"if","locations":[{"start":{"line":307,"column":4},"end":{"line":310,"column":5}},{"start":{},"end":{}}],"line":307},"39":{"loc":{"start":{"line":307,"column":8},"end":{"line":307,"column":54}},"type":"binary-expr","locations":[{"start":{"line":307,"column":8},"end":{"line":307,"column":20}},{"start":{"line":307,"column":24},"end":{"line":307,"column":54}}],"line":307},"40":{"loc":{"start":{"line":335,"column":4},"end":{"line":335,"column":64}},"type":"if","locations":[{"start":{"line":335,"column":4},"end":{"line":335,"column":64}},{"start":{},"end":{}}],"line":335},"41":{"loc":{"start":{"line":335,"column":8},"end":{"line":335,"column":51}},"type":"binary-expr","locations":[{"start":{"line":335,"column":8},"end":{"line":335,"column":28}},{"start":{"line":335,"column":32},"end":{"line":335,"column":51}}],"line":335},"42":{"loc":{"start":{"line":342,"column":27},"end":{"line":342,"column":57}},"type":"binary-expr","locations":[{"start":{"line":342,"column":27},"end":{"line":342,"column":51}},{"start":{"line":342,"column":55},"end":{"line":342,"column":57}}],"line":342},"43":{"loc":{"start":{"line":343,"column":26},"end":{"line":343,"column":55}},"type":"binary-expr","locations":[{"start":{"line":343,"column":26},"end":{"line":343,"column":49}},{"start":{"line":343,"column":53},"end":{"line":343,"column":55}}],"line":343},"44":{"loc":{"start":{"line":360,"column":11},"end":{"line":360,"column":78}},"type":"cond-expr","locations":[{"start":{"line":360,"column":31},"end":{"line":360,"column":72}},{"start":{"line":360,"column":75},"end":{"line":360,"column":78}}],"line":360},"45":{"loc":{"start":{"line":376,"column":4},"end":{"line":376,"column":27}},"type":"if","locations":[{"start":{"line":376,"column":4},"end":{"line":376,"column":27}},{"start":{},"end":{}}],"line":376},"46":{"loc":{"start":{"line":378,"column":12},"end":{"line":378,"column":22}},"type":"binary-expr","locations":[{"start":{"line":378,"column":12},"end":{"line":378,"column":17}},{"start":{"line":378,"column":21},"end":{"line":378,"column":22}}],"line":378},"47":{"loc":{"start":{"line":378,"column":32},"end":{"line":378,"column":44}},"type":"binary-expr","locations":[{"start":{"line":378,"column":32},"end":{"line":378,"column":39}},{"start":{"line":378,"column":43},"end":{"line":378,"column":44}}],"line":378},"48":{"loc":{"start":{"line":407,"column":4},"end":{"line":409,"column":5}},"type":"if","locations":[{"start":{"line":407,"column":4},"end":{"line":409,"column":5}},{"start":{},"end":{}}],"line":407}},"s":{"0":5,"1":5,"2":5,"3":0,"4":0,"5":0,"6":0,"7":0,"8":0,"9":0,"10":0,"11":0,"12":0,"13":0,"14":0,"15":0,"16":0,"17":0,"18":0,"19":0,"20":0,"21":0,"22":0,"23":0,"24":0,"25":0,"26":0,"27":0,"28":0,"29":0,"30":0,"31":0,"32":0,"33":0,"34":0,"35":0,"36":0,"37":0,"38":0,"39":0,"40":0,"41":0,"42":0,"43":0,"44":0,"45":0,"46":0,"47":0,"48":0,"49":0,"50":0,"51":0,"52":0,"53":0,"54":0,"55":0,"56":0,"57":0,"58":0,"59":0,"60":0,"61":0,"62":0,"63":0,"64":0,"65":0,"66":0,"67":0,"68":0,"69":0,"70":0,"71":0,"72":0,"73":0,"74":0,"75":0,"76":0,"77":0,"78":0,"79":0,"80":0,"81":0,"82":0,"83":0,"84":0,"85":0,"86":0,"87":0,"88":0,"89":0,"90":0,"91":0,"92":0,"93":0,"94":0,"95":0,"96":0,"97":0,"98":0,"99":0,"100":0,"101":0,"102":0,"103":0,"104":0,"105":0,"106":0,"107":0,"108":0,"109":0,"110":0,"111":0,"112":0,"113":0,"114":0,"115":0,"116":0,"117":0,"118":0,"119":0,"120":0,"121":0,"122":0,"123":0,"124":0,"125":0,"126":0,"127":0,"128":0,"129":0,"130":0,"131":0,"132":5},"f":{"0":0,"1":0,"2":0,"3":0,"4":0,"5":0,"6":0,"7":0,"8":0,"9":0,"10":0,"11":0,"12":0,"13":0,"14":0,"15":0,"16":0,"17":0,"18":0,"19":0,"20":0,"21":0,"22":0,"23":0,"24":0,"25":0,"26":0},"b":{"0":[0,0],"1":[0,0],"2":[0,0],"3":[0,0],"4":[0,0],"5":[0,0],"6":[0,0],"7":[0,0],"8":[0,0],"9":[0,0],"10":[0,0],"11":[0,0],"12":[0],"13":[0,0],"14":[0,0],"15":[0,0],"16":[0,0],"17":[0,0],"18":[0,0],"19":[0,0],"20":[0,0],"21":[0,0],"22":[0,0],"23":[0,0],"24":[0,0],"25":[0,0],"26":[0,0],"27":[0,0],"28":[0,0],"29":[0,0],"30":[0,0],"31":[0,0],"32":[0,0],"33":[0,0],"34":[0,0],"35":[0],"36":[0,0],"37":[0,0],"38":[0,0],"39":[0,0],"40":[0,0],"41":[0,0],"42":[0,0],"43":[0,0],"44":[0,0],"45":[0,0],"46":[0,0],"47":[0,0],"48":[0,0]},"_coverageSchema":"1a1c01bbd47fc00a2c39e90264f33305004495a9","hash":"b12d6670fa296bef2dca0d5669d23c2a60836be0"}
}
