TN:
SF:server.js
FN:16,(anonymous_0)
FN:39,(anonymous_1)
FN:56,(anonymous_2)
FN:66,(anonymous_3)
FN:75,(anonymous_4)
FN:83,(anonymous_5)
FNF:6
FNH:1
FNDA:0,(anonymous_0)
FNDA:15,(anonymous_1)
FNDA:0,(anonymous_2)
FNDA:0,(anonymous_3)
FNDA:0,(anonymous_4)
FNDA:0,(anonymous_5)
DA:1,5
DA:3,5
DA:4,5
DA:5,5
DA:6,5
DA:9,5
DA:10,5
DA:11,5
DA:12,5
DA:13,5
DA:16,5
DA:17,0
DA:18,0
DA:21,5
DA:24,5
DA:25,5
DA:36,5
DA:39,5
DA:40,15
DA:41,15
DA:42,15
DA:43,15
DA:45,15
DA:49,5
DA:50,5
DA:51,5
DA:52,5
DA:53,5
DA:56,5
DA:57,0
DA:66,5
DA:67,0
DA:68,0
DA:69,0
DA:71,0
DA:75,5
DA:76,0
DA:77,0
DA:80,5
DA:82,5
DA:83,0
DA:84,0
DA:88,5
LF:43
LH:32
BRDA:1,0,0,5
BRDA:1,0,1,0
BRDA:26,1,0,0
BRDA:26,1,1,5
BRDA:40,2,0,15
BRDA:40,2,1,0
BRDA:67,3,0,0
BRDA:67,3,1,0
BRDA:80,4,0,5
BRDA:80,4,1,0
BRDA:82,5,0,0
BRDA:82,5,1,5
BRF:12
BRH:5
end_of_record
TN:
SF:config\db.js
FN:4,(anonymous_0)
FNF:1
FNH:1
FNDA:5,(anonymous_0)
DA:2,5
DA:4,5
DA:5,5
DA:6,5
DA:7,5
DA:9,5
DA:11,0
DA:12,0
DA:16,5
LF:9
LH:7
BRDA:6,0,0,5
BRDA:6,0,1,0
BRDA:6,1,0,5
BRDA:6,1,1,0
BRF:4
BRH:2
end_of_record
TN:
SF:config\tokens.js
FN:22,(anonymous_0)
FN:31,(anonymous_1)
FNF:2
FNH:2
FNDA:4,(anonymous_0)
FNDA:4,(anonymous_1)
DA:1,5
DA:4,5
DA:5,0
DA:6,0
DA:7,0
DA:8,0
DA:9,0
DA:13,5
DA:22,5
DA:23,4
DA:31,5
DA:32,4
DA:39,5
LF:13
LH:8
BRDA:4,0,0,0
BRDA:4,0,1,5
BRDA:4,1,0,5
BRDA:4,1,1,5
BRDA:14,2,0,5
BRDA:14,2,1,5
BRDA:15,3,0,5
BRDA:15,3,1,5
BRDA:16,4,0,5
BRDA:16,4,1,5
BRDA:17,5,0,5
BRDA:17,5,1,5
BRDA:26,6,0,4
BRDA:26,6,1,4
BRDA:33,7,0,4
BRDA:33,7,1,4
BRDA:35,8,0,4
BRDA:35,8,1,4
BRF:18
BRH:17
end_of_record
TN:
SF:controllers\authController.js
FN:6,(anonymous_0)
FN:76,(anonymous_1)
FN:131,(anonymous_2)
FN:157,(anonymous_3)
FN:163,(anonymous_4)
FNF:5
FNH:3
FNDA:2,(anonymous_0)
FNDA:5,(anonymous_1)
FNDA:0,(anonymous_2)
FNDA:0,(anonymous_3)
FNDA:2,(anonymous_4)
DA:1,5
DA:2,5
DA:3,5
DA:4,5
DA:6,5
DA:7,2
DA:9,2
DA:11,2
DA:14,2
DA:15,0
DA:16,0
DA:20,2
DA:21,2
DA:22,0
DA:26,2
DA:34,2
DA:37,2
DA:38,2
DA:41,2
DA:48,2
DA:61,0
DA:62,0
DA:65,0
DA:66,0
DA:68,0
DA:69,0
DA:72,0
DA:76,5
DA:77,5
DA:78,5
DA:80,5
DA:83,5
DA:85,5
DA:86,3
DA:87,3
DA:90,2
DA:91,2
DA:94,2
DA:96,2
DA:97,0
DA:98,0
DA:101,2
DA:104,2
DA:105,2
DA:108,2
DA:115,2
DA:126,0
DA:127,0
DA:131,5
DA:132,0
DA:134,0
DA:139,0
DA:141,0
DA:143,0
DA:144,0
DA:146,0
DA:147,0
DA:150,0
DA:151,0
DA:153,0
DA:157,5
DA:158,0
DA:159,0
DA:163,5
DA:164,2
DA:166,2
DA:168,2
DA:169,0
DA:172,2
DA:179,0
DA:180,0
LF:71
LH:41
BRDA:14,0,0,0
BRDA:14,0,1,2
BRDA:14,1,0,2
BRDA:14,1,1,2
BRDA:14,1,2,2
BRDA:21,2,0,0
BRDA:21,2,1,2
BRDA:65,3,0,0
BRDA:65,3,1,0
BRDA:68,4,0,0
BRDA:68,4,1,0
BRDA:85,5,0,3
BRDA:85,5,1,2
BRDA:96,6,0,0
BRDA:96,6,1,2
BRDA:136,7,0,0
BRDA:136,7,1,0
BRDA:141,8,0,0
BRDA:141,8,1,0
BRDA:146,9,0,0
BRDA:146,9,1,0
BRDA:146,10,0,0
BRDA:146,10,1,0
BRDA:168,11,0,0
BRDA:168,11,1,2
BRF:25
BRH:9
end_of_record
TN:
SF:controllers\dashboardController.js
FN:7,(anonymous_0)
FN:9,(anonymous_1)
FN:10,(anonymous_2)
FN:11,(anonymous_3)
FN:12,(anonymous_4)
FN:25,(anonymous_5)
FN:26,(anonymous_6)
FN:30,(anonymous_7)
FN:35,(anonymous_8)
FN:53,(anonymous_9)
FN:66,(anonymous_10)
FN:69,(anonymous_11)
FN:76,(anonymous_12)
FN:83,(anonymous_13)
FN:123,(anonymous_14)
FN:131,(anonymous_15)
FN:132,(anonymous_16)
FN:146,(anonymous_17)
FN:147,(anonymous_18)
FN:156,(anonymous_19)
FN:180,(anonymous_20)
FN:194,(anonymous_21)
FN:203,(anonymous_22)
FN:229,(anonymous_23)
FN:254,(anonymous_24)
FN:261,(anonymous_25)
FN:275,(anonymous_26)
FNF:27
FNH:0
FNDA:0,(anonymous_0)
FNDA:0,(anonymous_1)
FNDA:0,(anonymous_2)
FNDA:0,(anonymous_3)
FNDA:0,(anonymous_4)
FNDA:0,(anonymous_5)
FNDA:0,(anonymous_6)
FNDA:0,(anonymous_7)
FNDA:0,(anonymous_8)
FNDA:0,(anonymous_9)
FNDA:0,(anonymous_10)
FNDA:0,(anonymous_11)
FNDA:0,(anonymous_12)
FNDA:0,(anonymous_13)
FNDA:0,(anonymous_14)
FNDA:0,(anonymous_15)
FNDA:0,(anonymous_16)
FNDA:0,(anonymous_17)
FNDA:0,(anonymous_18)
FNDA:0,(anonymous_19)
FNDA:0,(anonymous_20)
FNDA:0,(anonymous_21)
FNDA:0,(anonymous_22)
FNDA:0,(anonymous_23)
FNDA:0,(anonymous_24)
FNDA:0,(anonymous_25)
FNDA:0,(anonymous_26)
DA:1,5
DA:2,5
DA:3,5
DA:4,5
DA:7,5
DA:8,0
DA:9,0
DA:10,0
DA:11,0
DA:12,0
DA:14,0
DA:25,5
DA:26,0
DA:27,0
DA:29,0
DA:30,0
DA:31,0
DA:35,5
DA:36,0
DA:38,0
DA:39,0
DA:40,0
DA:43,0
DA:46,0
DA:53,0
DA:56,0
DA:62,0
DA:65,0
DA:66,0
DA:69,0
DA:70,0
DA:71,0
DA:72,0
DA:76,0
DA:83,0
DA:88,0
DA:109,0
DA:123,0
DA:128,0
DA:131,0
DA:132,0
DA:146,0
DA:147,0
DA:156,0
DA:169,0
DA:171,0
DA:172,0
DA:180,5
DA:181,0
DA:183,0
DA:184,0
DA:185,0
DA:188,0
DA:190,0
DA:194,0
DA:196,0
DA:203,0
DA:214,0
DA:223,0
DA:224,0
DA:229,5
DA:230,0
DA:231,0
DA:232,0
DA:233,0
DA:234,0
DA:237,0
DA:240,0
DA:248,0
DA:249,0
DA:250,0
DA:254,0
DA:255,0
DA:260,0
DA:261,0
DA:262,0
DA:263,0
DA:264,0
DA:267,0
DA:275,0
DA:299,0
DA:300,0
LF:82
LH:9
BRDA:19,0,0,0
BRDA:19,0,1,0
BRDA:27,1,0,0
BRDA:27,1,1,0
BRDA:29,2,0,0
BRDA:29,2,1,0
BRDA:70,3,0,0
BRDA:70,3,1,0
BRDA:70,4,0,0
BRDA:70,4,1,0
BRDA:72,5,0,0
BRDA:72,5,1,0
BRDA:151,6,0,0
BRDA:151,6,1,0
BRDA:152,7,0,0
BRDA:152,7,1,0
BRDA:160,8,0,0
BRDA:160,8,1,0
BRDA:184,9,0,0
BRDA:184,9,1,0
BRDA:185,10,0,0
BRDA:185,10,1,0
BRDA:206,11,0,0
BRDA:206,11,1,0
BRDA:208,12,0,0
BRDA:208,12,1,0
BRDA:249,13,0,0
BRDA:249,13,1,0
BRDA:262,14,0,0
BRDA:262,14,1,0
BRDA:262,15,0,0
BRDA:262,15,1,0
BRDA:264,16,0,0
BRDA:264,16,1,0
BRDA:284,17,0,0
BRDA:284,17,1,0
BRF:36
BRH:0
end_of_record
TN:
SF:controllers\guidanceController.js
FN:12,(anonymous_0)
FN:67,(anonymous_1)
FN:103,(anonymous_2)
FN:120,(anonymous_3)
FN:162,(anonymous_4)
FN:212,(anonymous_5)
FN:219,(anonymous_6)
FN:254,(anonymous_7)
FN:280,(anonymous_8)
FN:307,(anonymous_9)
FN:335,(anonymous_10)
FN:347,(anonymous_11)
FN:378,(anonymous_12)
FN:405,(anonymous_13)
FN:440,(anonymous_14)
FN:470,(anonymous_15)
FN:517,identifySkillGaps
FN:522,(anonymous_17)
FN:524,(anonymous_18)
FN:529,(anonymous_19)
FN:532,(anonymous_20)
FN:533,(anonymous_21)
FNF:22
FNH:0
FNDA:0,(anonymous_0)
FNDA:0,(anonymous_1)
FNDA:0,(anonymous_2)
FNDA:0,(anonymous_3)
FNDA:0,(anonymous_4)
FNDA:0,(anonymous_5)
FNDA:0,(anonymous_6)
FNDA:0,(anonymous_7)
FNDA:0,(anonymous_8)
FNDA:0,(anonymous_9)
FNDA:0,(anonymous_10)
FNDA:0,(anonymous_11)
FNDA:0,(anonymous_12)
FNDA:0,(anonymous_13)
FNDA:0,(anonymous_14)
FNDA:0,(anonymous_15)
FNDA:0,identifySkillGaps
FNDA:0,(anonymous_17)
FNDA:0,(anonymous_18)
FNDA:0,(anonymous_19)
FNDA:0,(anonymous_20)
FNDA:0,(anonymous_21)
DA:4,5
DA:5,5
DA:6,5
DA:7,5
DA:8,5
DA:12,5
DA:13,0
DA:14,0
DA:15,0
DA:18,0
DA:19,0
DA:20,0
DA:21,0
DA:23,0
DA:27,0
DA:35,0
DA:36,0
DA:37,0
DA:47,0
DA:52,0
DA:57,0
DA:58,0
DA:67,5
DA:68,0
DA:69,0
DA:70,0
DA:72,0
DA:80,0
DA:88,0
DA:93,0
DA:94,0
DA:103,5
DA:104,0
DA:105,0
DA:106,0
DA:108,0
DA:109,0
DA:110,0
DA:114,0
DA:115,0
DA:116,0
DA:119,0
DA:120,0
DA:122,0
DA:123,0
DA:127,0
DA:135,0
DA:147,0
DA:152,0
DA:153,0
DA:162,5
DA:163,0
DA:164,0
DA:165,0
DA:168,0
DA:203,0
DA:205,0
DA:206,0
DA:212,5
DA:213,0
DA:214,0
DA:215,0
DA:218,0
DA:219,0
DA:220,0
DA:223,0
DA:224,0
DA:230,0
DA:237,0
DA:244,0
DA:245,0
DA:254,5
DA:255,0
DA:256,0
DA:257,0
DA:259,0
DA:264,0
DA:270,0
DA:271,0
DA:280,5
DA:281,0
DA:282,0
DA:283,0
DA:285,0
DA:291,0
DA:297,0
DA:298,0
DA:307,5
DA:308,0
DA:309,0
DA:310,0
DA:312,0
DA:319,0
DA:325,0
DA:326,0
DA:335,5
DA:336,0
DA:337,0
DA:338,0
DA:341,0
DA:342,0
DA:343,0
DA:346,0
DA:347,0
DA:350,0
DA:351,0
DA:355,0
DA:357,0
DA:363,0
DA:368,0
DA:369,0
DA:378,5
DA:379,0
DA:380,0
DA:381,0
DA:384,0
DA:385,0
DA:387,0
DA:390,0
DA:395,0
DA:396,0
DA:405,5
DA:406,0
DA:407,0
DA:408,0
DA:409,0
DA:411,0
DA:418,0
DA:424,0
DA:430,0
DA:431,0
DA:440,5
DA:441,0
DA:442,0
DA:443,0
DA:444,0
DA:446,0
DA:447,0
DA:448,0
DA:451,0
DA:455,0
DA:460,0
DA:461,0
DA:470,5
DA:471,0
DA:472,0
DA:473,0
DA:476,0
DA:477,0
DA:478,0
DA:479,0
DA:480,0
DA:489,0
DA:495,0
DA:503,0
DA:508,0
DA:509,0
DA:518,0
DA:521,0
DA:522,0
DA:523,0
DA:524,0
DA:529,0
DA:532,0
DA:533,0
DA:534,0
DA:538,0
LF:167
LH:18
BRDA:19,0,0,0
BRDA:19,0,1,0
BRDA:19,1,0,0
BRDA:19,1,1,0
BRDA:35,2,0,0
BRDA:35,2,1,0
BRDA:35,3,0,0
BRDA:35,3,1,0
BRDA:109,4,0,0
BRDA:109,4,1,0
BRDA:115,5,0,0
BRDA:115,5,1,0
BRDA:122,6,0,0
BRDA:122,6,1,0
BRDA:129,7,0,0
BRDA:129,7,1,0
BRDA:141,8,0,0
BRDA:141,8,1,0
BRDA:144,9,0,0
BRDA:144,9,1,0
BRDA:223,10,0,0
BRDA:223,10,1,0
BRDA:342,11,0,0
BRDA:342,11,1,0
BRDA:350,12,0,0
BRDA:350,12,1,0
BRDA:384,13,0,0
BRDA:384,13,1,0
BRDA:444,14,0,0
BRDA:447,15,0,0
BRDA:447,15,1,0
BRDA:477,16,0,0
BRDA:477,16,1,0
BRDA:477,17,0,0
BRDA:477,17,1,0
BRDA:479,18,0,0
BRDA:479,18,1,0
BRDA:491,19,0,0
BRDA:491,19,1,0
BRDA:523,20,0,0
BRDA:523,20,1,0
BRDA:529,21,0,0
BRDA:529,21,1,0
BRDA:533,22,0,0
BRDA:533,22,1,0
BRF:45
BRH:0
end_of_record
TN:
SF:controllers\projectsController.js
FN:5,(anonymous_0)
FN:22,(anonymous_1)
FN:34,(anonymous_2)
FN:79,(anonymous_3)
FN:164,(anonymous_4)
FN:177,(anonymous_5)
FN:190,(anonymous_6)
FN:206,(anonymous_7)
FN:225,(anonymous_8)
FN:243,(anonymous_9)
FN:255,(anonymous_10)
FN:267,(anonymous_11)
FN:302,(anonymous_12)
FN:319,(anonymous_13)
FN:321,(anonymous_14)
FN:353,(anonymous_15)
FN:353,(anonymous_16)
FN:360,(anonymous_17)
FN:373,(anonymous_18)
FN:401,(anonymous_19)
FN:448,(anonymous_20)
FNF:21
FNH:0
FNDA:0,(anonymous_0)
FNDA:0,(anonymous_1)
FNDA:0,(anonymous_2)
FNDA:0,(anonymous_3)
FNDA:0,(anonymous_4)
FNDA:0,(anonymous_5)
FNDA:0,(anonymous_6)
FNDA:0,(anonymous_7)
FNDA:0,(anonymous_8)
FNDA:0,(anonymous_9)
FNDA:0,(anonymous_10)
FNDA:0,(anonymous_11)
FNDA:0,(anonymous_12)
FNDA:0,(anonymous_13)
FNDA:0,(anonymous_14)
FNDA:0,(anonymous_15)
FNDA:0,(anonymous_16)
FNDA:0,(anonymous_17)
FNDA:0,(anonymous_18)
FNDA:0,(anonymous_19)
FNDA:0,(anonymous_20)
DA:1,5
DA:2,5
DA:5,5
DA:6,0
DA:7,0
DA:8,0
DA:10,0
DA:11,0
DA:13,0
DA:14,0
DA:16,0
DA:17,0
DA:22,5
DA:23,0
DA:24,0
DA:25,0
DA:26,0
DA:28,0
DA:29,0
DA:34,5
DA:35,0
DA:36,0
DA:37,0
DA:38,0
DA:41,0
DA:50,0
DA:51,0
DA:52,0
DA:55,0
DA:56,0
DA:57,0
DA:62,0
DA:63,0
DA:65,0
DA:66,0
DA:70,0
DA:71,0
DA:72,0
DA:73,0
DA:75,0
DA:78,0
DA:79,0
DA:81,0
DA:82,0
DA:83,0
DA:87,0
DA:95,0
DA:106,0
DA:107,0
DA:110,0
DA:112,0
DA:115,0
DA:116,0
DA:118,0
DA:133,0
DA:143,0
DA:144,0
DA:145,0
DA:151,0
DA:152,0
DA:155,0
DA:164,5
DA:165,0
DA:166,0
DA:167,0
DA:170,0
DA:172,0
DA:177,5
DA:178,0
DA:179,0
DA:183,0
DA:185,0
DA:190,5
DA:191,0
DA:192,0
DA:193,0
DA:195,0
DA:196,0
DA:199,0
DA:200,0
DA:201,0
DA:205,0
DA:206,0
DA:209,0
DA:216,0
DA:218,0
DA:219,0
DA:221,0
DA:225,0
DA:226,0
DA:228,0
DA:230,0
DA:237,0
DA:238,0
DA:243,5
DA:244,0
DA:245,0
DA:246,0
DA:248,0
DA:249,0
DA:250,0
DA:254,0
DA:255,0
DA:258,0
DA:259,0
DA:262,0
DA:263,0
DA:265,0
DA:266,0
DA:267,0
DA:270,0
DA:271,0
DA:272,0
DA:276,0
DA:277,0
DA:278,0
DA:279,0
DA:280,0
DA:284,0
DA:286,0
DA:296,0
DA:297,0
DA:302,5
DA:303,0
DA:304,0
DA:307,0
DA:308,0
DA:313,0
DA:314,0
DA:319,0
DA:320,0
DA:321,0
DA:323,0
DA:350,0
DA:351,0
DA:353,0
DA:354,0
DA:355,0
DA:356,0
DA:360,0
DA:362,0
DA:368,0
DA:369,0
DA:373,5
DA:374,0
DA:375,0
DA:377,0
DA:382,0
DA:383,0
DA:386,0
DA:392,0
DA:397,0
DA:401,5
DA:402,0
DA:403,0
DA:404,0
DA:406,0
DA:407,0
DA:408,0
DA:410,0
DA:411,0
DA:417,0
DA:418,0
DA:422,0
DA:423,0
DA:432,0
DA:433,0
DA:434,0
DA:435,0
DA:438,0
DA:443,0
DA:444,0
DA:448,5
DA:449,0
DA:450,0
DA:455,0
DA:456,0
DA:459,0
DA:465,0
LF:179
LH:13
BRDA:10,0,0,0
BRDA:10,0,1,0
BRDA:11,1,0,0
BRDA:11,1,1,0
BRDA:25,2,0,0
BRDA:25,2,1,0
BRDA:45,3,0,0
BRDA:45,3,1,0
BRDA:46,4,0,0
BRDA:46,4,1,0
BRDA:50,5,0,0
BRDA:50,5,1,0
BRDA:55,6,0,0
BRDA:55,6,1,0
BRDA:71,7,0,0
BRDA:71,7,1,0
BRDA:81,8,0,0
BRDA:81,8,1,0
BRDA:87,9,0,0
BRDA:87,9,1,0
BRDA:88,10,0,0
BRDA:88,10,1,0
BRDA:89,11,0,0
BRDA:89,11,1,0
BRDA:106,12,0,0
BRDA:106,12,1,0
BRDA:139,13,0,0
BRDA:139,13,1,0
BRDA:143,14,0,0
BRDA:143,14,1,0
BRDA:147,15,0,0
BRDA:147,15,1,0
BRDA:151,16,0,0
BRDA:151,16,1,0
BRDA:195,17,0,0
BRDA:195,17,1,0
BRDA:195,18,0,0
BRDA:195,18,1,0
BRDA:195,18,2,0
BRDA:200,19,0,0
BRDA:200,19,1,0
BRDA:205,20,0,0
BRDA:205,20,1,0
BRDA:212,21,0,0
BRDA:212,21,1,0
BRDA:213,22,0,0
BRDA:213,22,1,0
BRDA:216,23,0,0
BRDA:216,23,1,0
BRDA:218,24,0,0
BRDA:218,24,1,0
BRDA:249,25,0,0
BRDA:249,25,1,0
BRDA:258,26,0,0
BRDA:258,26,1,0
BRDA:265,27,0,0
BRDA:265,27,1,0
BRDA:265,28,0,0
BRDA:265,28,1,0
BRDA:270,29,0,0
BRDA:270,29,1,0
BRDA:271,30,0,0
BRDA:271,30,1,0
BRDA:276,31,0,0
BRDA:276,31,1,0
BRDA:278,32,0,0
BRDA:278,32,1,0
BRDA:279,33,0,0
BRDA:279,33,1,0
BRDA:335,34,0,0
BRDA:335,34,1,0
BRDA:336,35,0,0
BRDA:336,35,1,0
BRDA:338,36,0,0
BRDA:338,36,1,0
BRDA:354,37,0,0
BRDA:354,37,1,0
BRDA:382,38,0,0
BRDA:382,38,1,0
BRDA:407,39,0,0
BRDA:407,39,1,0
BRDA:408,40,0,0
BRDA:408,40,1,0
BRDA:410,41,0,0
BRDA:410,41,1,0
BRDA:417,42,0,0
BRDA:417,42,1,0
BRDA:432,43,0,0
BRDA:432,43,1,0
BRDA:434,44,0,0
BRDA:434,44,1,0
BRDA:455,45,0,0
BRDA:455,45,1,0
BRF:93
BRH:0
end_of_record
TN:
SF:controllers\tasksController.js
FN:8,(anonymous_0)
FN:20,(anonymous_1)
FN:47,(anonymous_2)
FN:95,(anonymous_3)
FN:110,(anonymous_4)
FN:139,(anonymous_5)
FN:152,(anonymous_6)
FNF:7
FNH:0
FNDA:0,(anonymous_0)
FNDA:0,(anonymous_1)
FNDA:0,(anonymous_2)
FNDA:0,(anonymous_3)
FNDA:0,(anonymous_4)
FNDA:0,(anonymous_5)
FNDA:0,(anonymous_6)
DA:1,5
DA:2,5
DA:3,5
DA:8,5
DA:9,0
DA:10,0
DA:13,0
DA:20,0
DA:23,0
DA:30,0
DA:36,0
DA:37,0
DA:47,5
DA:48,0
DA:49,0
DA:50,0
DA:52,0
DA:53,0
DA:57,0
DA:65,0
DA:66,0
DA:69,0
DA:75,0
DA:79,0
DA:84,0
DA:85,0
DA:95,5
DA:96,0
DA:97,0
DA:98,0
DA:101,0
DA:103,0
DA:104,0
DA:108,0
DA:109,0
DA:110,0
DA:112,0
DA:113,0
DA:116,0
DA:123,0
DA:128,0
DA:129,0
DA:139,5
DA:140,0
DA:141,0
DA:142,0
DA:144,0
DA:146,0
DA:147,0
DA:150,0
DA:151,0
DA:152,0
DA:154,0
DA:155,0
DA:158,0
DA:160,0
DA:165,0
DA:166,0
LF:58
LH:7
BRDA:52,0,0,0
BRDA:52,0,1,0
BRDA:65,1,0,0
BRDA:65,1,1,0
BRDA:72,2,0,0
BRDA:72,2,1,0
BRDA:103,3,0,0
BRDA:103,3,1,0
BRDA:109,4,0,0
BRDA:109,4,1,0
BRDA:112,5,0,0
BRDA:112,5,1,0
BRDA:146,6,0,0
BRDA:146,6,1,0
BRDA:151,7,0,0
BRDA:151,7,1,0
BRDA:154,8,0,0
BRDA:154,8,1,0
BRF:18
BRH:0
end_of_record
TN:
SF:middleware\auth.js
FN:3,(anonymous_0)
FN:28,(anonymous_1)
FN:29,(anonymous_2)
FNF:3
FNH:1
FNDA:0,(anonymous_0)
FNDA:5,(anonymous_1)
FNDA:0,(anonymous_2)
DA:1,5
DA:3,5
DA:4,0
DA:6,0
DA:7,0
DA:10,0
DA:12,0
DA:13,0
DA:14,0
DA:15,0
DA:17,0
DA:18,0
DA:20,0
DA:25,5
DA:28,5
DA:29,5
DA:30,0
DA:31,0
DA:33,0
DA:37,5
LF:20
LH:6
BRDA:6,0,0,0
BRDA:6,0,1,0
BRDA:6,1,0,0
BRDA:6,1,1,0
BRDA:17,2,0,0
BRDA:17,2,1,0
BRDA:30,3,0,0
BRDA:30,3,1,0
BRF:8
BRH:0
end_of_record
TN:
SF:middleware\authMiddleware.js
FN:3,(anonymous_0)
FNF:1
FNH:1
FNDA:8,(anonymous_0)
DA:1,5
DA:3,5
DA:4,8
DA:6,8
DA:7,1
DA:10,7
DA:12,7
DA:13,7
DA:15,2
DA:16,2
DA:18,5
DA:25,5
DA:26,0
DA:33,5
DA:34,5
DA:41,0
DA:50,5
LF:17
LH:15
BRDA:6,0,0,1
BRDA:6,0,1,7
BRDA:25,1,0,0
BRDA:25,1,1,5
BRDA:33,2,0,5
BRDA:33,2,1,0
BRF:6
BRH:4
end_of_record
TN:
SF:models\GuidanceSession.js
FNF:0
FNH:0
DA:1,5
DA:4,5
DA:71,5
DA:72,5
DA:74,5
LF:5
LH:5
BRF:0
BRH:0
end_of_record
TN:
SF:models\MentorMatch.js
FNF:0
FNH:0
DA:1,5
DA:4,5
DA:35,5
DA:101,5
DA:102,5
DA:103,5
DA:105,5
LF:7
LH:7
BRF:0
BRH:0
end_of_record
TN:
SF:models\Project.js
FN:201,(anonymous_0)
FN:234,(anonymous_1)
FN:236,(anonymous_2)
FN:237,(anonymous_3)
FN:241,(anonymous_4)
FN:256,(anonymous_5)
FN:259,(anonymous_6)
FNF:7
FNH:0
FNDA:0,(anonymous_0)
FNDA:0,(anonymous_1)
FNDA:0,(anonymous_2)
FNDA:0,(anonymous_3)
FNDA:0,(anonymous_4)
FNDA:0,(anonymous_5)
FNDA:0,(anonymous_6)
DA:1,5
DA:4,5
DA:19,5
DA:42,5
DA:201,0
DA:234,5
DA:235,0
DA:236,0
DA:237,0
DA:240,0
DA:241,0
DA:243,0
DA:248,5
DA:249,5
DA:250,5
DA:251,5
DA:252,5
DA:253,5
DA:256,5
DA:258,0
DA:259,0
DA:260,0
DA:264,0
DA:265,0
DA:273,5
LF:25
LH:13
BRDA:235,0,0,0
BRDA:235,0,1,0
BRDA:235,1,0,0
BRDA:235,1,1,0
BRDA:237,2,0,0
BRDA:237,2,1,0
BRDA:237,3,0,0
BRDA:237,3,1,0
BRDA:240,4,0,0
BRDA:240,4,1,0
BRDA:240,5,0,0
BRDA:240,5,1,0
BRDA:241,6,0,0
BRDA:241,6,1,0
BRDA:258,7,0,0
BRDA:258,7,1,0
BRDA:258,8,0,0
BRDA:258,8,1,0
BRDA:264,9,0,0
BRDA:264,9,1,0
BRDA:264,10,0,0
BRDA:264,10,1,0
BRF:22
BRH:0
end_of_record
TN:
SF:models\Task.js
FNF:0
FNH:0
DA:1,5
DA:3,5
DA:55,5
DA:56,5
DA:57,5
DA:59,5
LF:6
LH:6
BRF:0
BRH:0
end_of_record
TN:
SF:models\User.js
FN:39,(anonymous_0)
FN:48,(anonymous_1)
FNF:2
FNH:1
FNDA:2,(anonymous_0)
FNDA:0,(anonymous_1)
DA:1,5
DA:2,5
DA:4,5
DA:39,5
DA:40,2
DA:41,0
DA:43,2
DA:44,2
DA:48,5
DA:49,0
DA:52,5
LF:11
LH:9
BRDA:40,0,0,0
BRDA:40,0,1,2
BRF:2
BRH:1
end_of_record
TN:
SF:routes\authRoutes.js
FNF:0
FNH:0
DA:1,5
DA:2,5
DA:3,5
DA:4,5
DA:7,5
DA:10,5
DA:13,5
DA:16,5
DA:19,5
DA:21,5
LF:10
LH:10
BRF:0
BRH:0
end_of_record
TN:
SF:routes\dashboardRoutes.js
FNF:0
FNH:0
DA:1,5
DA:2,5
DA:3,5
DA:4,5
DA:7,5
DA:9,5
DA:10,5
DA:11,5
DA:13,5
LF:9
LH:9
BRF:0
BRH:0
end_of_record
TN:
SF:routes\guidanceRoutes.js
FNF:0
FNH:0
DA:1,5
DA:2,5
DA:17,5
DA:19,5
DA:22,5
DA:25,5
DA:26,5
DA:27,5
DA:28,5
DA:29,5
DA:32,5
DA:35,5
DA:36,5
DA:37,5
DA:40,5
DA:41,5
DA:42,5
DA:43,5
DA:45,5
LF:19
LH:19
BRF:0
BRH:0
end_of_record
TN:
SF:routes\projectRoutes.js
FNF:0
FNH:0
DA:1,5
DA:2,5
DA:3,5
DA:4,5
DA:7,5
DA:10,5
DA:12,5
DA:13,5
DA:14,5
DA:17,5
DA:18,5
DA:19,5
DA:22,5
DA:23,5
DA:24,5
DA:26,5
LF:16
LH:16
BRF:0
BRH:0
end_of_record
TN:
SF:routes\taskRoutes.js
FNF:0
FNH:0
DA:2,5
DA:3,5
DA:4,5
DA:5,5
DA:8,5
DA:11,5
DA:14,5
DA:17,5
DA:18,5
DA:20,5
LF:10
LH:10
BRF:0
BRH:0
end_of_record
TN:
SF:services\aiGuidanceService.js
FN:5,(anonymous_0)
FN:23,(anonymous_1)
FN:28,(anonymous_2)
FN:39,(anonymous_3)
FN:64,(anonymous_4)
FN:119,(anonymous_5)
FN:133,(anonymous_6)
FN:178,(anonymous_7)
FN:220,(anonymous_8)
FN:264,(anonymous_9)
FN:271,(anonymous_10)
FN:281,(anonymous_11)
FN:289,(anonymous_12)
FN:331,(anonymous_13)
FN:368,(anonymous_14)
FN:401,(anonymous_15)
FN:412,(anonymous_16)
FN:430,(anonymous_17)
FN:441,(anonymous_18)
FN:455,(anonymous_19)
FN:456,(anonymous_20)
FN:461,(anonymous_21)
FN:465,(anonymous_22)
FN:466,(anonymous_23)
FN:470,(anonymous_24)
FN:476,(anonymous_25)
FN:481,(anonymous_26)
FN:498,(anonymous_27)
FNF:28
FNH:1
FNDA:5,(anonymous_0)
FNDA:0,(anonymous_1)
FNDA:0,(anonymous_2)
FNDA:0,(anonymous_3)
FNDA:0,(anonymous_4)
FNDA:0,(anonymous_5)
FNDA:0,(anonymous_6)
FNDA:0,(anonymous_7)
FNDA:0,(anonymous_8)
FNDA:0,(anonymous_9)
FNDA:0,(anonymous_10)
FNDA:0,(anonymous_11)
FNDA:0,(anonymous_12)
FNDA:0,(anonymous_13)
FNDA:0,(anonymous_14)
FNDA:0,(anonymous_15)
FNDA:0,(anonymous_16)
FNDA:0,(anonymous_17)
FNDA:0,(anonymous_18)
FNDA:0,(anonymous_19)
FNDA:0,(anonymous_20)
FNDA:0,(anonymous_21)
FNDA:0,(anonymous_22)
FNDA:0,(anonymous_23)
FNDA:0,(anonymous_24)
FNDA:0,(anonymous_25)
FNDA:0,(anonymous_26)
FNDA:0,(anonymous_27)
DA:7,5
DA:8,5
DA:11,5
DA:12,0
DA:13,0
DA:16,5
DA:17,0
DA:18,0
DA:24,0
DA:29,0
DA:30,0
DA:32,0
DA:33,0
DA:34,0
DA:38,0
DA:39,0
DA:42,0
DA:43,0
DA:46,0
DA:47,0
DA:50,0
DA:51,0
DA:52,0
DA:55,0
DA:56,0
DA:60,0
DA:65,0
DA:67,0
DA:80,0
DA:82,0
DA:83,0
DA:89,0
DA:90,0
DA:96,0
DA:97,0
DA:107,0
DA:109,0
DA:111,0
DA:112,0
DA:113,0
DA:114,0
DA:120,0
DA:134,0
DA:136,0
DA:137,0
DA:145,0
DA:151,0
DA:157,0
DA:180,0
DA:181,0
DA:182,0
DA:201,0
DA:207,0
DA:212,0
DA:221,0
DA:222,0
DA:224,0
DA:225,0
DA:227,0
DA:228,0
DA:232,0
DA:233,0
DA:246,0
DA:247,0
DA:253,0
DA:255,0
DA:260,0
DA:265,0
DA:271,0
DA:278,0
DA:281,0
DA:290,0
DA:292,0
DA:295,0
DA:316,0
DA:317,0
DA:323,0
DA:325,0
DA:326,0
DA:332,0
DA:333,0
DA:334,0
DA:337,0
DA:338,0
DA:342,0
DA:343,0
DA:347,0
DA:348,0
DA:352,0
DA:353,0
DA:354,0
DA:355,0
DA:356,0
DA:358,0
DA:369,0
DA:370,0
DA:373,0
DA:383,0
DA:384,0
DA:390,0
DA:395,0
DA:396,0
DA:402,0
DA:413,0
DA:414,0
DA:431,0
DA:432,0
DA:434,0
DA:435,0
DA:437,0
DA:442,0
DA:443,0
DA:444,0
DA:446,0
DA:447,0
DA:448,0
DA:449,0
DA:451,0
DA:456,0
DA:457,0
DA:462,0
DA:463,0
DA:464,0
DA:465,0
DA:466,0
DA:471,0
DA:472,0
DA:477,0
DA:478,0
DA:479,0
DA:481,0
DA:482,0
DA:483,0
DA:484,0
DA:486,0
DA:487,0
DA:489,0
DA:490,0
DA:494,0
DA:499,0
DA:501,0
DA:502,0
DA:505,0
DA:506,0
DA:509,0
DA:513,5
LF:146
LH:5
BRDA:11,0,0,0
BRDA:11,0,1,5
BRDA:16,1,0,0
BRDA:16,1,1,5
BRDA:24,2,0,0
BRDA:24,2,1,0
BRDA:28,3,0,0
BRDA:28,4,0,0
BRDA:33,5,0,0
BRDA:33,5,1,0
BRDA:42,6,0,0
BRDA:42,6,1,0
BRDA:55,7,0,0
BRDA:55,7,1,0
BRDA:55,8,0,0
BRDA:55,8,1,0
BRDA:68,9,0,0
BRDA:68,9,1,0
BRDA:69,10,0,0
BRDA:69,10,1,0
BRDA:82,11,0,0
BRDA:82,11,1,0
BRDA:89,12,0,0
BRDA:89,12,1,0
BRDA:124,13,0,0
BRDA:124,13,1,0
BRDA:128,14,0,0
BRDA:128,14,1,0
BRDA:136,15,0,0
BRDA:136,15,1,0
BRDA:139,16,0,0
BRDA:139,16,1,0
BRDA:140,17,0,0
BRDA:140,17,1,0
BRDA:159,18,0,0
BRDA:159,18,1,0
BRDA:172,19,0,0
BRDA:172,19,1,0
BRDA:178,20,0,0
BRDA:178,21,0,0
BRDA:180,22,0,0
BRDA:180,22,1,0
BRDA:194,23,0,0
BRDA:194,23,1,0
BRDA:195,24,0,0
BRDA:195,24,1,0
BRDA:220,25,0,0
BRDA:227,26,0,0
BRDA:227,26,1,0
BRDA:232,27,0,0
BRDA:232,27,1,0
BRDA:233,28,0,0
BRDA:233,28,1,0
BRDA:274,29,0,0
BRDA:274,29,1,0
BRDA:275,30,0,0
BRDA:275,30,1,0
BRDA:290,31,0,0
BRDA:290,31,1,0
BRDA:295,32,0,0
BRDA:295,32,1,0
BRDA:337,33,0,0
BRDA:337,33,1,0
BRDA:337,34,0,0
BRDA:337,34,1,0
BRDA:342,35,0,0
BRDA:342,35,1,0
BRDA:342,36,0,0
BRDA:342,36,1,0
BRDA:347,37,0,0
BRDA:347,37,1,0
BRDA:368,38,0,0
BRDA:369,39,0,0
BRDA:369,39,1,0
BRDA:415,40,0,0
BRDA:415,40,1,0
BRDA:422,41,0,0
BRDA:422,41,1,0
BRDA:423,42,0,0
BRDA:423,42,1,0
BRDA:424,43,0,0
BRDA:424,43,1,0
BRDA:435,44,0,0
BRDA:435,44,1,0
BRDA:444,45,0,0
BRDA:444,45,1,0
BRDA:447,46,0,0
BRDA:447,46,1,0
BRDA:448,47,0,0
BRDA:448,47,1,0
BRDA:449,48,0,0
BRDA:449,48,1,0
BRDA:457,49,0,0
BRDA:457,49,1,0
BRDA:463,50,0,0
BRDA:463,50,1,0
BRDA:465,51,0,0
BRDA:465,51,1,0
BRDA:472,52,0,0
BRDA:472,52,1,0
BRDA:482,53,0,0
BRDA:482,53,1,0
BRDA:482,54,0,0
BRDA:482,54,1,0
BRDA:486,55,0,0
BRDA:486,55,1,0
BRDA:486,56,0,0
BRDA:486,56,1,0
BRDA:489,57,0,0
BRDA:489,57,1,0
BRDA:489,58,0,0
BRDA:489,58,1,0
BRDA:501,59,0,0
BRDA:501,59,1,0
BRDA:501,60,0,0
BRDA:501,60,1,0
BRDA:505,61,0,0
BRDA:505,61,1,0
BRDA:505,62,0,0
BRDA:505,62,1,0
BRF:120
BRH:2
end_of_record
TN:
SF:services\mentorMatchingService.js
FN:10,(anonymous_0)
FN:22,(anonymous_1)
FN:24,(anonymous_2)
FN:25,(anonymous_3)
FN:74,(anonymous_4)
FN:79,(anonymous_5)
FN:100,(anonymous_6)
FN:131,(anonymous_7)
FN:136,(anonymous_8)
FN:174,(anonymous_9)
FN:195,(anonymous_10)
FN:230,(anonymous_11)
FN:252,(anonymous_12)
FN:278,(anonymous_13)
FN:306,(anonymous_14)
FN:318,(anonymous_15)
FN:326,(anonymous_16)
FN:334,(anonymous_17)
FN:341,(anonymous_18)
FN:345,(anonymous_19)
FN:350,(anonymous_20)
FN:363,(anonymous_21)
FN:375,(anonymous_22)
FN:382,(anonymous_23)
FN:388,(anonymous_24)
FN:394,(anonymous_25)
FN:400,(anonymous_26)
FNF:27
FNH:0
FNDA:0,(anonymous_0)
FNDA:0,(anonymous_1)
FNDA:0,(anonymous_2)
FNDA:0,(anonymous_3)
FNDA:0,(anonymous_4)
FNDA:0,(anonymous_5)
FNDA:0,(anonymous_6)
FNDA:0,(anonymous_7)
FNDA:0,(anonymous_8)
FNDA:0,(anonymous_9)
FNDA:0,(anonymous_10)
FNDA:0,(anonymous_11)
FNDA:0,(anonymous_12)
FNDA:0,(anonymous_13)
FNDA:0,(anonymous_14)
FNDA:0,(anonymous_15)
FNDA:0,(anonymous_16)
FNDA:0,(anonymous_17)
FNDA:0,(anonymous_18)
FNDA:0,(anonymous_19)
FNDA:0,(anonymous_20)
FNDA:0,(anonymous_21)
FNDA:0,(anonymous_22)
FNDA:0,(anonymous_23)
FNDA:0,(anonymous_24)
FNDA:0,(anonymous_25)
FNDA:0,(anonymous_26)
DA:4,5
DA:5,5
DA:6,5
DA:11,0
DA:12,0
DA:22,0
DA:23,0
DA:24,0
DA:25,0
DA:27,0
DA:30,0
DA:33,0
DA:34,0
DA:37,0
DA:38,0
DA:39,0
DA:40,0
DA:41,0
DA:44,0
DA:48,0
DA:51,0
DA:54,0
DA:57,0
DA:58,0
DA:59,0
DA:62,0
DA:64,0
DA:74,0
DA:80,0
DA:81,0
DA:83,0
DA:84,0
DA:88,0
DA:94,0
DA:95,0
DA:99,0
DA:101,0
DA:106,0
DA:130,0
DA:131,0
DA:138,0
DA:145,0
DA:146,0
DA:149,0
DA:163,0
DA:170,0
DA:175,0
DA:181,0
DA:182,0
DA:185,0
DA:186,0
DA:187,0
DA:189,0
DA:191,0
DA:196,0
DA:198,0
DA:210,0
DA:216,0
DA:217,0
DA:221,0
DA:223,0
DA:231,0
DA:233,0
DA:234,0
DA:237,0
DA:238,0
DA:239,0
DA:242,0
DA:243,0
DA:244,0
DA:246,0
DA:248,0
DA:253,0
DA:255,0
DA:270,0
DA:271,0
DA:274,0
DA:279,0
DA:281,0
DA:282,0
DA:285,0
DA:286,0
DA:293,0
DA:298,0
DA:306,0
DA:307,0
DA:308,0
DA:309,0
DA:312,0
DA:314,0
DA:319,0
DA:327,0
DA:335,0
DA:337,0
DA:338,0
DA:339,0
DA:341,0
DA:342,0
DA:343,0
DA:345,0
DA:346,0
DA:347,0
DA:348,0
DA:350,0
DA:351,0
DA:355,0
DA:360,0
DA:364,0
DA:365,0
DA:366,0
DA:367,0
DA:369,0
DA:370,0
DA:372,0
DA:376,0
DA:377,0
DA:378,0
DA:383,0
DA:384,0
DA:389,0
DA:395,0
DA:401,0
DA:407,0
DA:408,0
DA:411,0
DA:412,0
DA:414,0
DA:418,5
LF:128
LH:4
BRDA:22,0,0,0
BRDA:22,0,1,0
BRDA:23,1,0,0
BRDA:23,1,1,0
BRDA:27,2,0,0
BRDA:27,2,1,0
BRDA:33,3,0,0
BRDA:33,3,1,0
BRDA:38,4,0,0
BRDA:38,4,1,0
BRDA:39,5,0,0
BRDA:39,5,1,0
BRDA:40,6,0,0
BRDA:40,6,1,0
BRDA:51,7,0,0
BRDA:51,7,1,0
BRDA:57,8,0,0
BRDA:57,8,1,0
BRDA:58,9,0,0
BRDA:58,9,1,0
BRDA:59,10,0,0
BRDA:59,10,1,0
BRDA:71,11,0,0
BRDA:71,11,1,0
BRDA:79,12,0,0
BRDA:83,13,0,0
BRDA:83,13,1,0
BRDA:94,14,0,0
BRDA:94,14,1,0
BRDA:113,15,0,0
BRDA:113,15,1,0
BRDA:114,16,0,0
BRDA:114,16,1,0
BRDA:115,17,0,0
BRDA:115,17,1,0
BRDA:116,18,0,0
BRDA:116,18,1,0
BRDA:117,19,0,0
BRDA:117,19,1,0
BRDA:118,20,0,0
BRDA:118,20,1,0
BRDA:119,21,0,0
BRDA:119,21,1,0
BRDA:120,22,0,0
BRDA:120,22,1,0
BRDA:122,23,0,0
BRDA:122,23,1,0
BRDA:145,24,0,0
BRDA:145,24,1,0
BRDA:181,25,0,0
BRDA:181,25,1,0
BRDA:200,26,0,0
BRDA:200,26,1,0
BRDA:201,27,0,0
BRDA:201,27,1,0
BRDA:202,28,0,0
BRDA:202,28,1,0
BRDA:216,29,0,0
BRDA:216,29,1,0
BRDA:233,30,0,0
BRDA:233,30,1,0
BRDA:238,31,0,0
BRDA:238,31,1,0
BRDA:243,32,0,0
BRDA:243,32,1,0
BRDA:244,33,0,0
BRDA:244,33,1,0
BRDA:270,34,0,0
BRDA:270,34,1,0
BRDA:278,35,0,0
BRDA:281,36,0,0
BRDA:281,36,1,0
BRDA:285,37,0,0
BRDA:285,37,1,0
BRDA:307,38,0,0
BRDA:307,38,1,0
BRDA:307,39,0,0
BRDA:307,39,1,0
BRDA:335,40,0,0
BRDA:335,40,1,0
BRDA:335,41,0,0
BRDA:335,41,1,0
BRDA:342,42,0,0
BRDA:342,42,1,0
BRDA:343,43,0,0
BRDA:343,43,1,0
BRDA:360,44,0,0
BRDA:360,44,1,0
BRDA:376,45,0,0
BRDA:376,45,1,0
BRDA:378,46,0,0
BRDA:378,46,1,0
BRDA:378,47,0,0
BRDA:378,47,1,0
BRDA:407,48,0,0
BRDA:407,48,1,0
BRF:96
BRH:0
end_of_record
